2022-10-06 20:04:46.457  INFO 5413 --- [main] com.ServerApplication                    : Starting ServerApplication using Java 11.0.14.1 on hwang-yeonghaui-MacBookPro.local with PID 5413 (/Users/hwang-yeongha/Desktop/Sporty-note/out/production/classes started by hwang-yeongha in /Users/hwang-yeongha/Desktop/Sporty-note)
2022-10-06 20:04:46.461  INFO 5413 --- [main] com.ServerApplication                    : The following 2 profiles are active: "dev", "oauth"
2022-10-06 20:04:47.166  INFO 5413 --- [main] .s.d.r.c.RepositoryConfigurationDelegate : Multiple Spring Data modules found, entering strict repository configuration mode
2022-10-06 20:04:47.166  INFO 5413 --- [main] .s.d.r.c.RepositoryConfigurationDelegate : Bootstrapping Spring Data JPA repositories in DEFAULT mode.
2022-10-06 20:04:47.448  INFO 5413 --- [main] .s.d.r.c.RepositoryConfigurationDelegate : Finished Spring Data repository scanning in 278 ms. Found 2 JPA repository interfaces.
2022-10-06 20:04:47.454  INFO 5413 --- [main] .s.d.r.c.RepositoryConfigurationDelegate : Multiple Spring Data modules found, entering strict repository configuration mode
2022-10-06 20:04:47.455  INFO 5413 --- [main] .s.d.r.c.RepositoryConfigurationDelegate : Bootstrapping Spring Data Redis repositories in DEFAULT mode.
2022-10-06 20:04:47.535  INFO 5413 --- [main] .RepositoryConfigurationExtensionSupport : Spring Data Redis - Could not safely identify store assignment for repository candidate interface com.sportynote.server.repository.repositoryImpl.RoutineRepositoryImpl; If you want this repository to be a Redis repository, consider annotating your entities with one of these annotations: org.springframework.data.redis.core.RedisHash (preferred), or consider extending one of the following types with your repository: org.springframework.data.keyvalue.repository.KeyValueRepository
2022-10-06 20:04:47.535  INFO 5413 --- [main] .RepositoryConfigurationExtensionSupport : Spring Data Redis - Could not safely identify store assignment for repository candidate interface com.sportynote.server.repository.repositoryImpl.UserBasicRepositoryImpl; If you want this repository to be a Redis repository, consider annotating your entities with one of these annotations: org.springframework.data.redis.core.RedisHash (preferred), or consider extending one of the following types with your repository: org.springframework.data.keyvalue.repository.KeyValueRepository
2022-10-06 20:04:47.535  INFO 5413 --- [main] .s.d.r.c.RepositoryConfigurationDelegate : Finished Spring Data repository scanning in 77 ms. Found 0 Redis repository interfaces.
2022-10-06 20:04:47.663  INFO 5413 --- [main] ptablePropertiesBeanFactoryPostProcessor : Post-processing PropertySource instances
2022-10-06 20:04:47.664  INFO 5413 --- [main] c.u.j.EncryptablePropertySourceConverter : Skipping PropertySource configurationProperties [class org.springframework.boot.context.properties.source.ConfigurationPropertySourcesPropertySource
2022-10-06 20:04:47.664  INFO 5413 --- [main] c.u.j.EncryptablePropertySourceConverter : Skipping PropertySource servletConfigInitParams [class org.springframework.core.env.PropertySource$StubPropertySource
2022-10-06 20:04:47.664  INFO 5413 --- [main] c.u.j.EncryptablePropertySourceConverter : Skipping PropertySource servletContextInitParams [class org.springframework.core.env.PropertySource$StubPropertySource
2022-10-06 20:04:47.665  INFO 5413 --- [main] c.u.j.EncryptablePropertySourceConverter : Converting PropertySource systemProperties [org.springframework.core.env.PropertiesPropertySource] to EncryptableMapPropertySourceWrapper
2022-10-06 20:04:47.665  INFO 5413 --- [main] c.u.j.EncryptablePropertySourceConverter : Converting PropertySource systemEnvironment [org.springframework.boot.env.SystemEnvironmentPropertySourceEnvironmentPostProcessor$OriginAwareSystemEnvironmentPropertySource] to EncryptableSystemEnvironmentPropertySourceWrapper
2022-10-06 20:04:47.665  INFO 5413 --- [main] c.u.j.EncryptablePropertySourceConverter : Converting PropertySource random [org.springframework.boot.env.RandomValuePropertySource] to EncryptablePropertySourceWrapper
2022-10-06 20:04:47.665  INFO 5413 --- [main] c.u.j.EncryptablePropertySourceConverter : Converting PropertySource Config resource 'class path resource [application-oauth.properties]' via location 'optional:classpath:/' [org.springframework.boot.env.OriginTrackedMapPropertySource] to EncryptableMapPropertySourceWrapper
2022-10-06 20:04:47.665  INFO 5413 --- [main] c.u.j.EncryptablePropertySourceConverter : Converting PropertySource Config resource 'class path resource [application-dev.properties]' via location 'optional:classpath:/' [org.springframework.boot.env.OriginTrackedMapPropertySource] to EncryptableMapPropertySourceWrapper
2022-10-06 20:04:47.666  INFO 5413 --- [main] c.u.j.EncryptablePropertySourceConverter : Converting PropertySource Config resource 'class path resource [application.properties]' via location 'optional:classpath:/' [org.springframework.boot.env.OriginTrackedMapPropertySource] to EncryptableMapPropertySourceWrapper
2022-10-06 20:04:47.775  INFO 5413 --- [main] c.u.j.filter.DefaultLazyPropertyFilter   : Property Filter custom Bean not found with name 'encryptablePropertyFilter'. Initializing Default Property Filter
2022-10-06 20:04:47.779  INFO 5413 --- [main] c.u.j.r.DefaultLazyPropertyResolver      : Property Resolver custom Bean not found with name 'encryptablePropertyResolver'. Initializing Default Property Resolver
2022-10-06 20:04:47.779  INFO 5413 --- [main] c.u.j.d.DefaultLazyPropertyDetector      : Property Detector custom Bean not found with name 'encryptablePropertyDetector'. Initializing Default Property Detector
2022-10-06 20:04:47.850  INFO 5413 --- [main] o.s.b.w.embedded.tomcat.TomcatWebServer  : Tomcat initialized with port(s): 8080 (http)
2022-10-06 20:04:47.853  INFO 5413 --- [main] o.apache.catalina.core.StandardService   : Starting service [Tomcat]
2022-10-06 20:04:47.854  INFO 5413 --- [main] org.apache.catalina.core.StandardEngine  : Starting Servlet engine: [Apache Tomcat/9.0.64]
2022-10-06 20:04:47.893  INFO 5413 --- [main] o.a.c.c.C.[Tomcat].[localhost].[/]       : Initializing Spring embedded WebApplicationContext
2022-10-06 20:04:47.893  INFO 5413 --- [main] w.s.c.ServletWebServerApplicationContext : Root WebApplicationContext: initialization completed in 1414 ms
2022-10-06 20:04:47.938  INFO 5413 --- [main] c.u.j.encryptor.DefaultLazyEncryptor     : Found Custom Encryptor Bean org.jasypt.encryption.pbe.PooledPBEStringEncryptor@a809a62 with name: jasyptStringEncryptor
2022-10-06 20:04:48.040  INFO 5413 --- [main] o.hibernate.jpa.internal.util.LogHelper  : HHH000204: Processing PersistenceUnitInfo [name: default]
2022-10-06 20:04:48.054  INFO 5413 --- [main] org.hibernate.Version                    : HHH000412: Hibernate ORM core version 5.6.9.Final
2022-10-06 20:04:48.113  INFO 5413 --- [main] o.hibernate.annotations.common.Version   : HCANN000001: Hibernate Commons Annotations {5.1.2.Final}
2022-10-06 20:04:48.149  INFO 5413 --- [main] com.zaxxer.hikari.HikariDataSource       : HikariPool-1 - Starting...
2022-10-06 20:04:48.235  INFO 5413 --- [main] com.zaxxer.hikari.HikariDataSource       : HikariPool-1 - Start completed.
2022-10-06 20:04:48.240  INFO 5413 --- [main] org.hibernate.dialect.Dialect            : HHH000400: Using dialect: org.hibernate.dialect.MySQL8Dialect
2022-10-06 20:04:48.559 DEBUG 5413 --- [main] org.hibernate.SQL                        : alter table node_location_set drop foreign key FKo0dv2m0okxlxpvd901cl78sp4
2022-10-06 20:04:48.613 DEBUG 5413 --- [main] org.hibernate.SQL                        : alter table note drop foreign key FKnxkgpm0rgln6j48qacpskmqyu
2022-10-06 20:04:48.620 DEBUG 5413 --- [main] org.hibernate.SQL                        : alter table note drop foreign key FK2qe7k3m32uic2qjx6ie7xyikx
2022-10-06 20:04:48.624 DEBUG 5413 --- [main] org.hibernate.SQL                        : alter table note_node drop foreign key FKj1dfw0hc2dqboknu25b9prjoa
2022-10-06 20:04:48.628 DEBUG 5413 --- [main] org.hibernate.SQL                        : alter table note_node_set drop foreign key FK9bcaba2xbswpv1as63qfm28sl
2022-10-06 20:04:48.631 DEBUG 5413 --- [main] org.hibernate.SQL                        : alter table record_node_table drop foreign key FKlcvab5pbqvm8kha8rjpwoyxas
2022-10-06 20:04:48.636 DEBUG 5413 --- [main] org.hibernate.SQL                        : alter table record_table drop foreign key FKgv4tu3ws0ybnn25vfxab45q88
2022-10-06 20:04:48.641 DEBUG 5413 --- [main] org.hibernate.SQL                        : alter table record_table drop foreign key FKdwnk8luk9cy27pyes6s2w7bdx
2022-10-06 20:04:48.645 DEBUG 5413 --- [main] org.hibernate.SQL                        : alter table routine_table drop foreign key FK10x9v295j64l70yn1smned6yf
2022-10-06 20:04:48.649 DEBUG 5413 --- [main] org.hibernate.SQL                        : alter table routine_table drop foreign key FKkbm8n8t3plnpudifm1ic2tsuw
2022-10-06 20:04:48.652 DEBUG 5413 --- [main] org.hibernate.SQL                        : alter table user_favorite drop foreign key FKc1kogijyoyatgcw7yha1i1ayo
2022-10-06 20:04:48.656 DEBUG 5413 --- [main] org.hibernate.SQL                        : alter table user_favorite drop foreign key FKga78qagquy7pvb4gdd44omslk
2022-10-06 20:04:48.659 DEBUG 5413 --- [main] org.hibernate.SQL                        : drop table if exists gym
2022-10-06 20:04:48.663 DEBUG 5413 --- [main] org.hibernate.SQL                        : drop table if exists machine
2022-10-06 20:04:48.665 DEBUG 5413 --- [main] org.hibernate.SQL                        : drop table if exists node_location_set
2022-10-06 20:04:48.667 DEBUG 5413 --- [main] org.hibernate.SQL                        : drop table if exists note
2022-10-06 20:04:48.671 DEBUG 5413 --- [main] org.hibernate.SQL                        : drop table if exists note_node
2022-10-06 20:04:48.673 DEBUG 5413 --- [main] org.hibernate.SQL                        : drop table if exists note_node_set
2022-10-06 20:04:48.675 DEBUG 5413 --- [main] org.hibernate.SQL                        : drop table if exists record_node_table
2022-10-06 20:04:48.676 DEBUG 5413 --- [main] org.hibernate.SQL                        : drop table if exists record_table
2022-10-06 20:04:48.678 DEBUG 5413 --- [main] org.hibernate.SQL                        : drop table if exists routine_table
2022-10-06 20:04:48.682 DEBUG 5413 --- [main] org.hibernate.SQL                        : drop table if exists user_basic
2022-10-06 20:04:48.684 DEBUG 5413 --- [main] org.hibernate.SQL                        : drop table if exists user_favorite
2022-10-06 20:04:48.688 DEBUG 5413 --- [main] org.hibernate.SQL                        : create table gym (gym_idx bigint not null auto_increment, created_at datetime(6), deleted bit not null, updated_at datetime(6), created_by varchar(255), modified_by varchar(255), dong varchar(255), gu varchar(255), latitude varchar(255), longitude varchar(255), name varchar(255), si varchar(255), primary key (gym_idx)) engine=InnoDB
2022-10-06 20:04:48.693 DEBUG 5413 --- [main] org.hibernate.SQL                        : create table machine (machine_idx bigint not null auto_increment, created_at datetime(6), deleted bit not null, updated_at datetime(6), created_by varchar(255), modified_by varchar(255), eng_machine_name varchar(255), image_url1 varchar(255), image_url2 varchar(255), kr_machine_name varchar(255), target_area varchar(255), video_url1 varchar(255), primary key (machine_idx)) engine=InnoDB
2022-10-06 20:04:48.697 DEBUG 5413 --- [main] org.hibernate.SQL                        : create table node_location_set (node_location_set_idx bigint not null auto_increment, created_at datetime(6), deleted bit not null, updated_at datetime(6), created_by varchar(255), modified_by varchar(255), node_type varchar(255), x_location float, y_location float, machine_idx bigint, primary key (node_location_set_idx)) engine=InnoDB
2022-10-06 20:04:48.700 DEBUG 5413 --- [main] org.hibernate.SQL                        : create table note (note_idx bigint not null auto_increment, created_at datetime(6), deleted bit not null, updated_at datetime(6), created_by varchar(255), modified_by varchar(255), machine_machine_idx bigint, user_basic_user_basic_idx bigint, primary key (note_idx)) engine=InnoDB
2022-10-06 20:04:48.704 DEBUG 5413 --- [main] org.hibernate.SQL                        : create table note_node (note_node_idx bigint not null auto_increment, created_at datetime(6), deleted bit not null, updated_at datetime(6), created_by varchar(255), modified_by varchar(255), color varchar(255), picture_url varchar(255), text varchar(255), type varchar(255), x_location float, y_location float, note_note_idx bigint, primary key (note_node_idx)) engine=InnoDB
2022-10-06 20:04:48.707 DEBUG 5413 --- [main] org.hibernate.SQL                        : create table note_node_set (note_node_set_idx bigint not null auto_increment, created_at datetime(6), deleted bit not null, updated_at datetime(6), created_by varchar(255), modified_by varchar(255), color varchar(255), picture_url varchar(255), text varchar(255), type varchar(255), x_location float, y_location float, machine_idx bigint, primary key (note_node_set_idx)) engine=InnoDB
2022-10-06 20:04:48.709 DEBUG 5413 --- [main] org.hibernate.SQL                        : create table record_node_table (record_node_idx bigint not null auto_increment, created_at datetime(6), deleted bit not null, updated_at datetime(6), created_by varchar(255), modified_by varchar(255), complete integer, note_id bigint, user_id varchar(255), machine_id bigint, primary key (record_node_idx)) engine=InnoDB
2022-10-06 20:04:48.713 DEBUG 5413 --- [main] org.hibernate.SQL                        : create table record_table (record_idx bigint not null auto_increment, created_at datetime(6), deleted bit not null, updated_at datetime(6), created_by varchar(255), modified_by varchar(255), complete bit not null, count integer, created_day date, kg integer, sett integer, machine_idx bigint, user_id varchar(255), primary key (record_idx)) engine=InnoDB
2022-10-06 20:04:48.717 DEBUG 5413 --- [main] org.hibernate.SQL                        : create table routine_table (routine_idx bigint not null auto_increment, created_at datetime(6), deleted bit not null, updated_at datetime(6), created_by varchar(255), modified_by varchar(255), routine_name varchar(255), machine_idx bigint, user_id varchar(255), primary key (routine_idx)) engine=InnoDB
2022-10-06 20:04:48.720 DEBUG 5413 --- [main] org.hibernate.SQL                        : create table user_basic (user_basic_idx bigint not null auto_increment, created_at datetime(6), deleted bit not null, updated_at datetime(6), created_by varchar(255), modified_by varchar(255), email varchar(255), last_login_at datetime(6), name varchar(255), oauth_id varchar(255), social_type varchar(255), user_id varchar(255), primary key (user_basic_idx)) engine=InnoDB
2022-10-06 20:04:48.723 DEBUG 5413 --- [main] org.hibernate.SQL                        : create table user_favorite (user_favorite_idx bigint not null auto_increment, created_at datetime(6), deleted bit not null, updated_at datetime(6), created_by varchar(255), modified_by varchar(255), machine_machine_idx bigint, user_basic_user_basic_idx bigint, primary key (user_favorite_idx)) engine=InnoDB
2022-10-06 20:04:48.725 DEBUG 5413 --- [main] org.hibernate.SQL                        : alter table user_basic add constraint UK_5tfs2rce6hvfin6b6np0dbudv unique (user_id)
2022-10-06 20:04:48.730 DEBUG 5413 --- [main] org.hibernate.SQL                        : alter table node_location_set add constraint FKo0dv2m0okxlxpvd901cl78sp4 foreign key (machine_idx) references machine (machine_idx)
2022-10-06 20:04:48.738 DEBUG 5413 --- [main] org.hibernate.SQL                        : alter table note add constraint FKnxkgpm0rgln6j48qacpskmqyu foreign key (machine_machine_idx) references machine (machine_idx)
2022-10-06 20:04:48.746 DEBUG 5413 --- [main] org.hibernate.SQL                        : alter table note add constraint FK2qe7k3m32uic2qjx6ie7xyikx foreign key (user_basic_user_basic_idx) references user_basic (user_basic_idx)
2022-10-06 20:04:48.754 DEBUG 5413 --- [main] org.hibernate.SQL                        : alter table note_node add constraint FKj1dfw0hc2dqboknu25b9prjoa foreign key (note_note_idx) references note (note_idx)
2022-10-06 20:04:48.764 DEBUG 5413 --- [main] org.hibernate.SQL                        : alter table note_node_set add constraint FK9bcaba2xbswpv1as63qfm28sl foreign key (machine_idx) references machine (machine_idx)
2022-10-06 20:04:48.772 DEBUG 5413 --- [main] org.hibernate.SQL                        : alter table record_node_table add constraint FKlcvab5pbqvm8kha8rjpwoyxas foreign key (machine_id) references machine (machine_idx)
2022-10-06 20:04:48.779 DEBUG 5413 --- [main] org.hibernate.SQL                        : alter table record_table add constraint FKgv4tu3ws0ybnn25vfxab45q88 foreign key (machine_idx) references machine (machine_idx)
2022-10-06 20:04:48.792 DEBUG 5413 --- [main] org.hibernate.SQL                        : alter table record_table add constraint FKdwnk8luk9cy27pyes6s2w7bdx foreign key (user_id) references user_basic (user_id)
2022-10-06 20:04:48.801 DEBUG 5413 --- [main] org.hibernate.SQL                        : alter table routine_table add constraint FK10x9v295j64l70yn1smned6yf foreign key (machine_idx) references machine (machine_idx)
2022-10-06 20:04:48.809 DEBUG 5413 --- [main] org.hibernate.SQL                        : alter table routine_table add constraint FKkbm8n8t3plnpudifm1ic2tsuw foreign key (user_id) references user_basic (user_id)
2022-10-06 20:04:48.824 DEBUG 5413 --- [main] org.hibernate.SQL                        : alter table user_favorite add constraint FKc1kogijyoyatgcw7yha1i1ayo foreign key (machine_machine_idx) references machine (machine_idx)
2022-10-06 20:04:48.831 DEBUG 5413 --- [main] org.hibernate.SQL                        : alter table user_favorite add constraint FKga78qagquy7pvb4gdd44omslk foreign key (user_basic_user_basic_idx) references user_basic (user_basic_idx)
2022-10-06 20:04:48.840  INFO 5413 --- [main] o.h.e.t.j.p.i.JtaPlatformInitiator       : HHH000490: Using JtaPlatform implementation: [org.hibernate.engine.transaction.jta.platform.internal.NoJtaPlatform]
2022-10-06 20:04:48.843  INFO 5413 --- [main] j.LocalContainerEntityManagerFactoryBean : Initialized JPA EntityManagerFactory for persistence unit 'default'
2022-10-06 20:04:49.327  WARN 5413 --- [main] JpaBaseConfiguration$JpaWebConfiguration : spring.jpa.open-in-view is enabled by default. Therefore, database queries may be performed during view rendering. Explicitly configure spring.jpa.open-in-view to disable this warning
2022-10-06 20:04:49.437  WARN 5413 --- [main] .s.s.UserDetailsServiceAutoConfiguration : 

Using generated security password: b5aa33ff-1104-4f51-8394-7109e679287f

This generated password is for development use only. Your security configuration must be updated before running your application in production.

2022-10-06 20:04:49.501  INFO 5413 --- [main] pertySourcedRequestMappingHandlerMapping : Mapped URL path [/v2/api-docs] onto method [springfox.documentation.swagger2.web.Swagger2Controller#getDocumentation(String, HttpServletRequest)]
2022-10-06 20:04:49.513  INFO 5413 --- [main] o.s.b.a.w.s.WelcomePageHandlerMapping    : Adding welcome page: class path resource [static/index.html]
2022-10-06 20:04:49.629  INFO 5413 --- [main] o.s.s.web.DefaultSecurityFilterChain     : Will secure any request with [org.springframework.security.web.session.DisableEncodeUrlFilter@691cc52c, org.springframework.security.web.context.request.async.WebAsyncManagerIntegrationFilter@48873409, org.springframework.security.web.context.SecurityContextPersistenceFilter@4fb8d97a, org.springframework.security.web.header.HeaderWriterFilter@286dba42, org.springframework.web.filter.CorsFilter@4bf5b473, org.springframework.security.web.authentication.logout.LogoutFilter@3cdfbf7a, com.sportynote.server.security.JwtAuthenticationFilter@4d46444b, org.springframework.security.web.savedrequest.RequestCacheAwareFilter@318d0545, org.springframework.security.web.servletapi.SecurityContextHolderAwareRequestFilter@1bb425e4, org.springframework.security.web.authentication.AnonymousAuthenticationFilter@42fccd6a, org.springframework.security.web.session.SessionManagementFilter@5bb34437, org.springframework.security.web.access.ExceptionTranslationFilter@4919cfcf, org.springframework.security.web.access.intercept.FilterSecurityInterceptor@f6f5188]
2022-10-06 20:04:49.834  INFO 5413 --- [main] o.s.b.w.embedded.tomcat.TomcatWebServer  : Tomcat started on port(s): 8080 (http) with context path ''
2022-10-06 20:04:49.835  INFO 5413 --- [main] u.j.c.RefreshScopeRefreshedEventListener : Refreshing cached encryptable property sources on ServletWebServerInitializedEvent
2022-10-06 20:04:49.835  INFO 5413 --- [main] CachingDelegateEncryptablePropertySource : Property Source systemProperties refreshed
2022-10-06 20:04:49.835  INFO 5413 --- [main] CachingDelegateEncryptablePropertySource : Property Source systemEnvironment refreshed
2022-10-06 20:04:49.835  INFO 5413 --- [main] CachingDelegateEncryptablePropertySource : Property Source random refreshed
2022-10-06 20:04:49.835  INFO 5413 --- [main] CachingDelegateEncryptablePropertySource : Property Source Config resource 'class path resource [application-oauth.properties]' via location 'optional:classpath:/' refreshed
2022-10-06 20:04:49.835  INFO 5413 --- [main] CachingDelegateEncryptablePropertySource : Property Source Config resource 'class path resource [application-dev.properties]' via location 'optional:classpath:/' refreshed
2022-10-06 20:04:49.835  INFO 5413 --- [main] CachingDelegateEncryptablePropertySource : Property Source Config resource 'class path resource [application.properties]' via location 'optional:classpath:/' refreshed
2022-10-06 20:04:49.835  INFO 5413 --- [main] c.u.j.EncryptablePropertySourceConverter : Converting PropertySource server.ports [org.springframework.core.env.MapPropertySource] to EncryptableMapPropertySourceWrapper
2022-10-06 20:04:49.835  INFO 5413 --- [main] c.u.j.EncryptablePropertySourceConverter : Skipping PropertySource configurationProperties [class org.springframework.boot.context.properties.source.ConfigurationPropertySourcesPropertySource
2022-10-06 20:04:49.835  INFO 5413 --- [main] c.u.j.EncryptablePropertySourceConverter : Skipping PropertySource servletConfigInitParams [class org.springframework.core.env.PropertySource$StubPropertySource
2022-10-06 20:04:49.835  INFO 5413 --- [main] c.u.j.EncryptablePropertySourceConverter : Converting PropertySource servletContextInitParams [org.springframework.web.context.support.ServletContextPropertySource] to EncryptableEnumerablePropertySourceWrapper
2022-10-06 20:04:49.836  INFO 5413 --- [main] d.s.w.p.DocumentationPluginsBootstrapper : Context refreshed
2022-10-06 20:04:49.841  INFO 5413 --- [main] d.s.w.p.DocumentationPluginsBootstrapper : Found 1 custom documentation plugin(s)
2022-10-06 20:04:49.857  INFO 5413 --- [main] s.d.s.w.s.ApiListingReferenceScanner     : Scanning for api listing references
2022-10-06 20:04:49.947  INFO 5413 --- [main] com.ServerApplication                    : Started ServerApplication in 3.731 seconds (JVM running for 4.013)
2022-10-06 20:43:08.056  INFO 5413 --- [http-nio-8080-exec-1] o.a.c.c.C.[Tomcat].[localhost].[/]       : Initializing Spring DispatcherServlet 'dispatcherServlet'
2022-10-06 20:43:08.057  INFO 5413 --- [http-nio-8080-exec-1] o.s.web.servlet.DispatcherServlet        : Initializing Servlet 'dispatcherServlet'
2022-10-06 20:43:08.060  INFO 5413 --- [http-nio-8080-exec-1] o.s.web.servlet.DispatcherServlet        : Completed initialization in 3 ms
2022-10-06 21:03:29.533  INFO 5413 --- [SpringApplicationShutdownHook] j.LocalContainerEntityManagerFactoryBean : Closing JPA EntityManagerFactory for persistence unit 'default'
2022-10-06 21:03:29.536  INFO 5413 --- [SpringApplicationShutdownHook] com.zaxxer.hikari.HikariDataSource       : HikariPool-1 - Shutdown initiated...
2022-10-06 21:03:29.540  INFO 5413 --- [SpringApplicationShutdownHook] com.zaxxer.hikari.HikariDataSource       : HikariPool-1 - Shutdown completed.
2022-10-06 21:21:33.448  INFO 6217 --- [main] com.ServerApplication                    : Starting ServerApplication using Java 11.0.14.1 on hwang-yeonghaui-MacBookPro.local with PID 6217 (/Users/hwang-yeongha/Desktop/Sporty-note/out/production/classes started by hwang-yeongha in /Users/hwang-yeongha/Desktop/Sporty-note)
2022-10-06 21:21:33.450  INFO 6217 --- [main] com.ServerApplication                    : The following 2 profiles are active: "dev", "oauth"
2022-10-06 21:21:34.200  INFO 6217 --- [main] .s.d.r.c.RepositoryConfigurationDelegate : Multiple Spring Data modules found, entering strict repository configuration mode
2022-10-06 21:21:34.200  INFO 6217 --- [main] .s.d.r.c.RepositoryConfigurationDelegate : Bootstrapping Spring Data JPA repositories in DEFAULT mode.
2022-10-06 21:21:34.479  INFO 6217 --- [main] .s.d.r.c.RepositoryConfigurationDelegate : Finished Spring Data repository scanning in 275 ms. Found 2 JPA repository interfaces.
2022-10-06 21:21:34.485  INFO 6217 --- [main] .s.d.r.c.RepositoryConfigurationDelegate : Multiple Spring Data modules found, entering strict repository configuration mode
2022-10-06 21:21:34.486  INFO 6217 --- [main] .s.d.r.c.RepositoryConfigurationDelegate : Bootstrapping Spring Data Redis repositories in DEFAULT mode.
2022-10-06 21:21:34.573  INFO 6217 --- [main] .RepositoryConfigurationExtensionSupport : Spring Data Redis - Could not safely identify store assignment for repository candidate interface com.sportynote.server.repository.repositoryImpl.RoutineRepositoryImpl; If you want this repository to be a Redis repository, consider annotating your entities with one of these annotations: org.springframework.data.redis.core.RedisHash (preferred), or consider extending one of the following types with your repository: org.springframework.data.keyvalue.repository.KeyValueRepository
2022-10-06 21:21:34.573  INFO 6217 --- [main] .RepositoryConfigurationExtensionSupport : Spring Data Redis - Could not safely identify store assignment for repository candidate interface com.sportynote.server.repository.repositoryImpl.UserBasicRepositoryImpl; If you want this repository to be a Redis repository, consider annotating your entities with one of these annotations: org.springframework.data.redis.core.RedisHash (preferred), or consider extending one of the following types with your repository: org.springframework.data.keyvalue.repository.KeyValueRepository
2022-10-06 21:21:34.573  INFO 6217 --- [main] .s.d.r.c.RepositoryConfigurationDelegate : Finished Spring Data repository scanning in 84 ms. Found 0 Redis repository interfaces.
2022-10-06 21:21:34.698  INFO 6217 --- [main] ptablePropertiesBeanFactoryPostProcessor : Post-processing PropertySource instances
2022-10-06 21:21:34.698  INFO 6217 --- [main] c.u.j.EncryptablePropertySourceConverter : Skipping PropertySource configurationProperties [class org.springframework.boot.context.properties.source.ConfigurationPropertySourcesPropertySource
2022-10-06 21:21:34.704  INFO 6217 --- [main] c.u.j.EncryptablePropertySourceConverter : Skipping PropertySource servletConfigInitParams [class org.springframework.core.env.PropertySource$StubPropertySource
2022-10-06 21:21:34.704  INFO 6217 --- [main] c.u.j.EncryptablePropertySourceConverter : Skipping PropertySource servletContextInitParams [class org.springframework.core.env.PropertySource$StubPropertySource
2022-10-06 21:21:34.705  INFO 6217 --- [main] c.u.j.EncryptablePropertySourceConverter : Converting PropertySource systemProperties [org.springframework.core.env.PropertiesPropertySource] to EncryptableMapPropertySourceWrapper
2022-10-06 21:21:34.705  INFO 6217 --- [main] c.u.j.EncryptablePropertySourceConverter : Converting PropertySource systemEnvironment [org.springframework.boot.env.SystemEnvironmentPropertySourceEnvironmentPostProcessor$OriginAwareSystemEnvironmentPropertySource] to EncryptableSystemEnvironmentPropertySourceWrapper
2022-10-06 21:21:34.705  INFO 6217 --- [main] c.u.j.EncryptablePropertySourceConverter : Converting PropertySource random [org.springframework.boot.env.RandomValuePropertySource] to EncryptablePropertySourceWrapper
2022-10-06 21:21:34.706  INFO 6217 --- [main] c.u.j.EncryptablePropertySourceConverter : Converting PropertySource Config resource 'class path resource [application-oauth.properties]' via location 'optional:classpath:/' [org.springframework.boot.env.OriginTrackedMapPropertySource] to EncryptableMapPropertySourceWrapper
2022-10-06 21:21:34.706  INFO 6217 --- [main] c.u.j.EncryptablePropertySourceConverter : Converting PropertySource Config resource 'class path resource [application-dev.properties]' via location 'optional:classpath:/' [org.springframework.boot.env.OriginTrackedMapPropertySource] to EncryptableMapPropertySourceWrapper
2022-10-06 21:21:34.706  INFO 6217 --- [main] c.u.j.EncryptablePropertySourceConverter : Converting PropertySource Config resource 'class path resource [application.properties]' via location 'optional:classpath:/' [org.springframework.boot.env.OriginTrackedMapPropertySource] to EncryptableMapPropertySourceWrapper
2022-10-06 21:21:34.815  INFO 6217 --- [main] c.u.j.filter.DefaultLazyPropertyFilter   : Property Filter custom Bean not found with name 'encryptablePropertyFilter'. Initializing Default Property Filter
2022-10-06 21:21:34.819  INFO 6217 --- [main] c.u.j.r.DefaultLazyPropertyResolver      : Property Resolver custom Bean not found with name 'encryptablePropertyResolver'. Initializing Default Property Resolver
2022-10-06 21:21:34.820  INFO 6217 --- [main] c.u.j.d.DefaultLazyPropertyDetector      : Property Detector custom Bean not found with name 'encryptablePropertyDetector'. Initializing Default Property Detector
2022-10-06 21:21:34.890  INFO 6217 --- [main] o.s.b.w.embedded.tomcat.TomcatWebServer  : Tomcat initialized with port(s): 8080 (http)
2022-10-06 21:21:34.894  INFO 6217 --- [main] o.apache.catalina.core.StandardService   : Starting service [Tomcat]
2022-10-06 21:21:34.894  INFO 6217 --- [main] org.apache.catalina.core.StandardEngine  : Starting Servlet engine: [Apache Tomcat/9.0.64]
2022-10-06 21:21:34.933  INFO 6217 --- [main] o.a.c.c.C.[Tomcat].[localhost].[/]       : Initializing Spring embedded WebApplicationContext
2022-10-06 21:21:34.934  INFO 6217 --- [main] w.s.c.ServletWebServerApplicationContext : Root WebApplicationContext: initialization completed in 1464 ms
2022-10-06 21:21:34.978  INFO 6217 --- [main] c.u.j.encryptor.DefaultLazyEncryptor     : Found Custom Encryptor Bean org.jasypt.encryption.pbe.PooledPBEStringEncryptor@2c17ebb7 with name: jasyptStringEncryptor
2022-10-06 21:21:35.073  INFO 6217 --- [main] o.hibernate.jpa.internal.util.LogHelper  : HHH000204: Processing PersistenceUnitInfo [name: default]
2022-10-06 21:21:35.091  INFO 6217 --- [main] org.hibernate.Version                    : HHH000412: Hibernate ORM core version 5.6.9.Final
2022-10-06 21:21:35.145  INFO 6217 --- [main] o.hibernate.annotations.common.Version   : HCANN000001: Hibernate Commons Annotations {5.1.2.Final}
2022-10-06 21:21:35.180  INFO 6217 --- [main] com.zaxxer.hikari.HikariDataSource       : HikariPool-1 - Starting...
2022-10-06 21:21:35.234  INFO 6217 --- [main] com.zaxxer.hikari.HikariDataSource       : HikariPool-1 - Start completed.
2022-10-06 21:21:35.241  INFO 6217 --- [main] org.hibernate.dialect.Dialect            : HHH000400: Using dialect: org.hibernate.dialect.MySQL8Dialect
2022-10-06 21:21:35.561 DEBUG 6217 --- [main] org.hibernate.SQL                        : alter table node_location_set drop foreign key FKo0dv2m0okxlxpvd901cl78sp4
2022-10-06 21:21:35.588 DEBUG 6217 --- [main] org.hibernate.SQL                        : alter table note drop foreign key FKnxkgpm0rgln6j48qacpskmqyu
2022-10-06 21:21:35.599 DEBUG 6217 --- [main] org.hibernate.SQL                        : alter table note drop foreign key FK2qe7k3m32uic2qjx6ie7xyikx
2022-10-06 21:21:35.603 DEBUG 6217 --- [main] org.hibernate.SQL                        : alter table note_node drop foreign key FKj1dfw0hc2dqboknu25b9prjoa
2022-10-06 21:21:35.608 DEBUG 6217 --- [main] org.hibernate.SQL                        : alter table note_node_set drop foreign key FK9bcaba2xbswpv1as63qfm28sl
2022-10-06 21:21:35.611 DEBUG 6217 --- [main] org.hibernate.SQL                        : alter table record_node_table drop foreign key FKlcvab5pbqvm8kha8rjpwoyxas
2022-10-06 21:21:35.614 DEBUG 6217 --- [main] org.hibernate.SQL                        : alter table record_table drop foreign key FKgv4tu3ws0ybnn25vfxab45q88
2022-10-06 21:21:35.617 DEBUG 6217 --- [main] org.hibernate.SQL                        : alter table record_table drop foreign key FKdwnk8luk9cy27pyes6s2w7bdx
2022-10-06 21:21:35.620 DEBUG 6217 --- [main] org.hibernate.SQL                        : alter table routine_table drop foreign key FK10x9v295j64l70yn1smned6yf
2022-10-06 21:21:35.623 DEBUG 6217 --- [main] org.hibernate.SQL                        : alter table routine_table drop foreign key FKkbm8n8t3plnpudifm1ic2tsuw
2022-10-06 21:21:35.626 DEBUG 6217 --- [main] org.hibernate.SQL                        : alter table user_favorite drop foreign key FKc1kogijyoyatgcw7yha1i1ayo
2022-10-06 21:21:35.630 DEBUG 6217 --- [main] org.hibernate.SQL                        : alter table user_favorite drop foreign key FKga78qagquy7pvb4gdd44omslk
2022-10-06 21:21:35.634 DEBUG 6217 --- [main] org.hibernate.SQL                        : drop table if exists gym
2022-10-06 21:21:35.638 DEBUG 6217 --- [main] org.hibernate.SQL                        : drop table if exists machine
2022-10-06 21:21:35.640 DEBUG 6217 --- [main] org.hibernate.SQL                        : drop table if exists node_location_set
2022-10-06 21:21:35.642 DEBUG 6217 --- [main] org.hibernate.SQL                        : drop table if exists note
2022-10-06 21:21:35.644 DEBUG 6217 --- [main] org.hibernate.SQL                        : drop table if exists note_node
2022-10-06 21:21:35.645 DEBUG 6217 --- [main] org.hibernate.SQL                        : drop table if exists note_node_set
2022-10-06 21:21:35.648 DEBUG 6217 --- [main] org.hibernate.SQL                        : drop table if exists record_node_table
2022-10-06 21:21:35.650 DEBUG 6217 --- [main] org.hibernate.SQL                        : drop table if exists record_table
2022-10-06 21:21:35.652 DEBUG 6217 --- [main] org.hibernate.SQL                        : drop table if exists routine_table
2022-10-06 21:21:35.654 DEBUG 6217 --- [main] org.hibernate.SQL                        : drop table if exists user_basic
2022-10-06 21:21:35.656 DEBUG 6217 --- [main] org.hibernate.SQL                        : drop table if exists user_favorite
2022-10-06 21:21:35.659 DEBUG 6217 --- [main] org.hibernate.SQL                        : create table gym (gym_idx bigint not null auto_increment, created_at datetime(6), deleted bit not null, updated_at datetime(6), created_by varchar(255), modified_by varchar(255), dong varchar(255), gu varchar(255), latitude varchar(255), longitude varchar(255), name varchar(255), si varchar(255), primary key (gym_idx)) engine=InnoDB
2022-10-06 21:21:35.664 DEBUG 6217 --- [main] org.hibernate.SQL                        : create table machine (machine_idx bigint not null auto_increment, created_at datetime(6), deleted bit not null, updated_at datetime(6), created_by varchar(255), modified_by varchar(255), eng_machine_name varchar(255), image_url1 varchar(255), image_url2 varchar(255), kr_machine_name varchar(255), target_area varchar(255), video_url1 varchar(255), primary key (machine_idx)) engine=InnoDB
2022-10-06 21:21:35.668 DEBUG 6217 --- [main] org.hibernate.SQL                        : create table node_location_set (node_location_set_idx bigint not null auto_increment, created_at datetime(6), deleted bit not null, updated_at datetime(6), created_by varchar(255), modified_by varchar(255), node_type varchar(255), x_location float, y_location float, machine_idx bigint, primary key (node_location_set_idx)) engine=InnoDB
2022-10-06 21:21:35.672 DEBUG 6217 --- [main] org.hibernate.SQL                        : create table note (note_idx bigint not null auto_increment, created_at datetime(6), deleted bit not null, updated_at datetime(6), created_by varchar(255), modified_by varchar(255), machine_machine_idx bigint, user_basic_user_basic_idx bigint, primary key (note_idx)) engine=InnoDB
2022-10-06 21:21:35.674 DEBUG 6217 --- [main] org.hibernate.SQL                        : create table note_node (note_node_idx bigint not null auto_increment, created_at datetime(6), deleted bit not null, updated_at datetime(6), created_by varchar(255), modified_by varchar(255), color varchar(255), picture_url varchar(255), text varchar(255), type varchar(255), x_location float, y_location float, note_note_idx bigint, primary key (note_node_idx)) engine=InnoDB
2022-10-06 21:21:35.677 DEBUG 6217 --- [main] org.hibernate.SQL                        : create table note_node_set (note_node_set_idx bigint not null auto_increment, created_at datetime(6), deleted bit not null, updated_at datetime(6), created_by varchar(255), modified_by varchar(255), color varchar(255), picture_url varchar(255), text varchar(255), type varchar(255), x_location float, y_location float, machine_idx bigint, primary key (note_node_set_idx)) engine=InnoDB
2022-10-06 21:21:35.680 DEBUG 6217 --- [main] org.hibernate.SQL                        : create table record_node_table (record_node_idx bigint not null auto_increment, created_at datetime(6), deleted bit not null, updated_at datetime(6), created_by varchar(255), modified_by varchar(255), complete integer, note_id bigint, user_id varchar(255), machine_id bigint, primary key (record_node_idx)) engine=InnoDB
2022-10-06 21:21:35.684 DEBUG 6217 --- [main] org.hibernate.SQL                        : create table record_table (record_idx bigint not null auto_increment, created_at datetime(6), deleted bit not null, updated_at datetime(6), created_by varchar(255), modified_by varchar(255), complete bit not null, count integer, created_day date, kg integer, sett integer, machine_idx bigint, user_id varchar(255), primary key (record_idx)) engine=InnoDB
2022-10-06 21:21:35.687 DEBUG 6217 --- [main] org.hibernate.SQL                        : create table routine_table (routine_idx bigint not null auto_increment, created_at datetime(6), deleted bit not null, updated_at datetime(6), created_by varchar(255), modified_by varchar(255), routine_name varchar(255), machine_idx bigint, user_id varchar(255), primary key (routine_idx)) engine=InnoDB
2022-10-06 21:21:35.689 DEBUG 6217 --- [main] org.hibernate.SQL                        : create table user_basic (user_basic_idx bigint not null auto_increment, created_at datetime(6), deleted bit not null, updated_at datetime(6), created_by varchar(255), modified_by varchar(255), email varchar(255), last_login_at datetime(6), name varchar(255), oauth_id varchar(255), social_type varchar(255), user_id varchar(255), primary key (user_basic_idx)) engine=InnoDB
2022-10-06 21:21:35.692 DEBUG 6217 --- [main] org.hibernate.SQL                        : create table user_favorite (user_favorite_idx bigint not null auto_increment, created_at datetime(6), deleted bit not null, updated_at datetime(6), created_by varchar(255), modified_by varchar(255), machine_machine_idx bigint, user_basic_user_basic_idx bigint, primary key (user_favorite_idx)) engine=InnoDB
2022-10-06 21:21:35.694 DEBUG 6217 --- [main] org.hibernate.SQL                        : alter table user_basic add constraint UK_5tfs2rce6hvfin6b6np0dbudv unique (user_id)
2022-10-06 21:21:35.698 DEBUG 6217 --- [main] org.hibernate.SQL                        : alter table node_location_set add constraint FKo0dv2m0okxlxpvd901cl78sp4 foreign key (machine_idx) references machine (machine_idx)
2022-10-06 21:21:35.706 DEBUG 6217 --- [main] org.hibernate.SQL                        : alter table note add constraint FKnxkgpm0rgln6j48qacpskmqyu foreign key (machine_machine_idx) references machine (machine_idx)
2022-10-06 21:21:35.714 DEBUG 6217 --- [main] org.hibernate.SQL                        : alter table note add constraint FK2qe7k3m32uic2qjx6ie7xyikx foreign key (user_basic_user_basic_idx) references user_basic (user_basic_idx)
2022-10-06 21:21:35.721 DEBUG 6217 --- [main] org.hibernate.SQL                        : alter table note_node add constraint FKj1dfw0hc2dqboknu25b9prjoa foreign key (note_note_idx) references note (note_idx)
2022-10-06 21:21:35.730 DEBUG 6217 --- [main] org.hibernate.SQL                        : alter table note_node_set add constraint FK9bcaba2xbswpv1as63qfm28sl foreign key (machine_idx) references machine (machine_idx)
2022-10-06 21:21:35.737 DEBUG 6217 --- [main] org.hibernate.SQL                        : alter table record_node_table add constraint FKlcvab5pbqvm8kha8rjpwoyxas foreign key (machine_id) references machine (machine_idx)
2022-10-06 21:21:35.743 DEBUG 6217 --- [main] org.hibernate.SQL                        : alter table record_table add constraint FKgv4tu3ws0ybnn25vfxab45q88 foreign key (machine_idx) references machine (machine_idx)
2022-10-06 21:21:35.752 DEBUG 6217 --- [main] org.hibernate.SQL                        : alter table record_table add constraint FKdwnk8luk9cy27pyes6s2w7bdx foreign key (user_id) references user_basic (user_id)
2022-10-06 21:21:35.762 DEBUG 6217 --- [main] org.hibernate.SQL                        : alter table routine_table add constraint FK10x9v295j64l70yn1smned6yf foreign key (machine_idx) references machine (machine_idx)
2022-10-06 21:21:35.770 DEBUG 6217 --- [main] org.hibernate.SQL                        : alter table routine_table add constraint FKkbm8n8t3plnpudifm1ic2tsuw foreign key (user_id) references user_basic (user_id)
2022-10-06 21:21:35.777 DEBUG 6217 --- [main] org.hibernate.SQL                        : alter table user_favorite add constraint FKc1kogijyoyatgcw7yha1i1ayo foreign key (machine_machine_idx) references machine (machine_idx)
2022-10-06 21:21:35.783 DEBUG 6217 --- [main] org.hibernate.SQL                        : alter table user_favorite add constraint FKga78qagquy7pvb4gdd44omslk foreign key (user_basic_user_basic_idx) references user_basic (user_basic_idx)
2022-10-06 21:21:35.794  INFO 6217 --- [main] o.h.e.t.j.p.i.JtaPlatformInitiator       : HHH000490: Using JtaPlatform implementation: [org.hibernate.engine.transaction.jta.platform.internal.NoJtaPlatform]
2022-10-06 21:21:35.797  INFO 6217 --- [main] j.LocalContainerEntityManagerFactoryBean : Initialized JPA EntityManagerFactory for persistence unit 'default'
2022-10-06 21:21:36.295  WARN 6217 --- [main] JpaBaseConfiguration$JpaWebConfiguration : spring.jpa.open-in-view is enabled by default. Therefore, database queries may be performed during view rendering. Explicitly configure spring.jpa.open-in-view to disable this warning
2022-10-06 21:21:36.396  WARN 6217 --- [main] .s.s.UserDetailsServiceAutoConfiguration : 

Using generated security password: fd28a14d-b82b-4a95-81de-8afb6cf82aa9

This generated password is for development use only. Your security configuration must be updated before running your application in production.

2022-10-06 21:21:36.463  INFO 6217 --- [main] o.s.s.web.DefaultSecurityFilterChain     : Will secure any request with [org.springframework.security.web.session.DisableEncodeUrlFilter@5344604d, org.springframework.security.web.context.request.async.WebAsyncManagerIntegrationFilter@1d3433c7, org.springframework.security.web.context.SecurityContextPersistenceFilter@7a2fd9de, org.springframework.security.web.header.HeaderWriterFilter@488702c7, org.springframework.web.filter.CorsFilter@16bc9213, org.springframework.security.web.authentication.logout.LogoutFilter@5ca01434, com.sportynote.server.security.JwtAuthenticationFilter@2413efce, org.springframework.security.web.savedrequest.RequestCacheAwareFilter@753e5e51, org.springframework.security.web.servletapi.SecurityContextHolderAwareRequestFilter@68deb8e1, org.springframework.security.web.authentication.AnonymousAuthenticationFilter@54a5b509, org.springframework.security.web.session.SessionManagementFilter@2cdbe28, org.springframework.security.web.access.ExceptionTranslationFilter@288f3ac6, org.springframework.security.web.access.intercept.FilterSecurityInterceptor@1306e335]
2022-10-06 21:21:36.480  INFO 6217 --- [main] pertySourcedRequestMappingHandlerMapping : Mapped URL path [/v2/api-docs] onto method [springfox.documentation.swagger2.web.Swagger2Controller#getDocumentation(String, HttpServletRequest)]
2022-10-06 21:21:36.637  INFO 6217 --- [main] o.s.b.a.w.s.WelcomePageHandlerMapping    : Adding welcome page: class path resource [static/index.html]
2022-10-06 21:21:36.802  INFO 6217 --- [main] o.s.b.w.embedded.tomcat.TomcatWebServer  : Tomcat started on port(s): 8080 (http) with context path ''
2022-10-06 21:21:36.803  INFO 6217 --- [main] u.j.c.RefreshScopeRefreshedEventListener : Refreshing cached encryptable property sources on ServletWebServerInitializedEvent
2022-10-06 21:21:36.803  INFO 6217 --- [main] CachingDelegateEncryptablePropertySource : Property Source systemProperties refreshed
2022-10-06 21:21:36.803  INFO 6217 --- [main] CachingDelegateEncryptablePropertySource : Property Source systemEnvironment refreshed
2022-10-06 21:21:36.803  INFO 6217 --- [main] CachingDelegateEncryptablePropertySource : Property Source random refreshed
2022-10-06 21:21:36.803  INFO 6217 --- [main] CachingDelegateEncryptablePropertySource : Property Source Config resource 'class path resource [application-oauth.properties]' via location 'optional:classpath:/' refreshed
2022-10-06 21:21:36.803  INFO 6217 --- [main] CachingDelegateEncryptablePropertySource : Property Source Config resource 'class path resource [application-dev.properties]' via location 'optional:classpath:/' refreshed
2022-10-06 21:21:36.803  INFO 6217 --- [main] CachingDelegateEncryptablePropertySource : Property Source Config resource 'class path resource [application.properties]' via location 'optional:classpath:/' refreshed
2022-10-06 21:21:36.803  INFO 6217 --- [main] c.u.j.EncryptablePropertySourceConverter : Converting PropertySource server.ports [org.springframework.core.env.MapPropertySource] to EncryptableMapPropertySourceWrapper
2022-10-06 21:21:36.803  INFO 6217 --- [main] c.u.j.EncryptablePropertySourceConverter : Skipping PropertySource configurationProperties [class org.springframework.boot.context.properties.source.ConfigurationPropertySourcesPropertySource
2022-10-06 21:21:36.803  INFO 6217 --- [main] c.u.j.EncryptablePropertySourceConverter : Skipping PropertySource servletConfigInitParams [class org.springframework.core.env.PropertySource$StubPropertySource
2022-10-06 21:21:36.803  INFO 6217 --- [main] c.u.j.EncryptablePropertySourceConverter : Converting PropertySource servletContextInitParams [org.springframework.web.context.support.ServletContextPropertySource] to EncryptableEnumerablePropertySourceWrapper
2022-10-06 21:21:36.804  INFO 6217 --- [main] d.s.w.p.DocumentationPluginsBootstrapper : Context refreshed
2022-10-06 21:21:36.809  INFO 6217 --- [main] d.s.w.p.DocumentationPluginsBootstrapper : Found 1 custom documentation plugin(s)
2022-10-06 21:21:36.825  INFO 6217 --- [main] s.d.s.w.s.ApiListingReferenceScanner     : Scanning for api listing references
2022-10-06 21:21:36.914  INFO 6217 --- [main] com.ServerApplication                    : Started ServerApplication in 3.681 seconds (JVM running for 3.984)
2022-10-06 21:48:31.537  INFO 6217 --- [SpringApplicationShutdownHook] j.LocalContainerEntityManagerFactoryBean : Closing JPA EntityManagerFactory for persistence unit 'default'
2022-10-06 21:48:31.542  INFO 6217 --- [SpringApplicationShutdownHook] com.zaxxer.hikari.HikariDataSource       : HikariPool-1 - Shutdown initiated...
2022-10-06 21:48:31.550  INFO 6217 --- [SpringApplicationShutdownHook] com.zaxxer.hikari.HikariDataSource       : HikariPool-1 - Shutdown completed.
2022-10-06 21:48:46.809  INFO 6614 --- [main] com.ServerApplication                    : Starting ServerApplication using Java 11.0.14.1 on hwang-yeonghaui-MacBookPro.local with PID 6614 (/Users/hwang-yeongha/Desktop/Sporty-note/out/production/classes started by hwang-yeongha in /Users/hwang-yeongha/Desktop/Sporty-note)
2022-10-06 21:48:46.811  INFO 6614 --- [main] com.ServerApplication                    : The following 2 profiles are active: "dev", "oauth"
2022-10-06 21:48:47.545  INFO 6614 --- [main] .s.d.r.c.RepositoryConfigurationDelegate : Multiple Spring Data modules found, entering strict repository configuration mode
2022-10-06 21:48:47.546  INFO 6614 --- [main] .s.d.r.c.RepositoryConfigurationDelegate : Bootstrapping Spring Data JPA repositories in DEFAULT mode.
2022-10-06 21:48:47.820  INFO 6614 --- [main] .s.d.r.c.RepositoryConfigurationDelegate : Finished Spring Data repository scanning in 271 ms. Found 2 JPA repository interfaces.
2022-10-06 21:48:47.826  INFO 6614 --- [main] .s.d.r.c.RepositoryConfigurationDelegate : Multiple Spring Data modules found, entering strict repository configuration mode
2022-10-06 21:48:47.826  INFO 6614 --- [main] .s.d.r.c.RepositoryConfigurationDelegate : Bootstrapping Spring Data Redis repositories in DEFAULT mode.
2022-10-06 21:48:47.908  INFO 6614 --- [main] .RepositoryConfigurationExtensionSupport : Spring Data Redis - Could not safely identify store assignment for repository candidate interface com.sportynote.server.repository.repositoryImpl.RoutineRepositoryImpl; If you want this repository to be a Redis repository, consider annotating your entities with one of these annotations: org.springframework.data.redis.core.RedisHash (preferred), or consider extending one of the following types with your repository: org.springframework.data.keyvalue.repository.KeyValueRepository
2022-10-06 21:48:47.909  INFO 6614 --- [main] .RepositoryConfigurationExtensionSupport : Spring Data Redis - Could not safely identify store assignment for repository candidate interface com.sportynote.server.repository.repositoryImpl.UserBasicRepositoryImpl; If you want this repository to be a Redis repository, consider annotating your entities with one of these annotations: org.springframework.data.redis.core.RedisHash (preferred), or consider extending one of the following types with your repository: org.springframework.data.keyvalue.repository.KeyValueRepository
2022-10-06 21:48:47.909  INFO 6614 --- [main] .s.d.r.c.RepositoryConfigurationDelegate : Finished Spring Data repository scanning in 78 ms. Found 0 Redis repository interfaces.
2022-10-06 21:48:48.044  INFO 6614 --- [main] ptablePropertiesBeanFactoryPostProcessor : Post-processing PropertySource instances
2022-10-06 21:48:48.045  INFO 6614 --- [main] c.u.j.EncryptablePropertySourceConverter : Skipping PropertySource configurationProperties [class org.springframework.boot.context.properties.source.ConfigurationPropertySourcesPropertySource
2022-10-06 21:48:48.045  INFO 6614 --- [main] c.u.j.EncryptablePropertySourceConverter : Skipping PropertySource servletConfigInitParams [class org.springframework.core.env.PropertySource$StubPropertySource
2022-10-06 21:48:48.045  INFO 6614 --- [main] c.u.j.EncryptablePropertySourceConverter : Skipping PropertySource servletContextInitParams [class org.springframework.core.env.PropertySource$StubPropertySource
2022-10-06 21:48:48.046  INFO 6614 --- [main] c.u.j.EncryptablePropertySourceConverter : Converting PropertySource systemProperties [org.springframework.core.env.PropertiesPropertySource] to EncryptableMapPropertySourceWrapper
2022-10-06 21:48:48.047  INFO 6614 --- [main] c.u.j.EncryptablePropertySourceConverter : Converting PropertySource systemEnvironment [org.springframework.boot.env.SystemEnvironmentPropertySourceEnvironmentPostProcessor$OriginAwareSystemEnvironmentPropertySource] to EncryptableSystemEnvironmentPropertySourceWrapper
2022-10-06 21:48:48.047  INFO 6614 --- [main] c.u.j.EncryptablePropertySourceConverter : Converting PropertySource random [org.springframework.boot.env.RandomValuePropertySource] to EncryptablePropertySourceWrapper
2022-10-06 21:48:48.047  INFO 6614 --- [main] c.u.j.EncryptablePropertySourceConverter : Converting PropertySource Config resource 'class path resource [application-oauth.properties]' via location 'optional:classpath:/' [org.springframework.boot.env.OriginTrackedMapPropertySource] to EncryptableMapPropertySourceWrapper
2022-10-06 21:48:48.047  INFO 6614 --- [main] c.u.j.EncryptablePropertySourceConverter : Converting PropertySource Config resource 'class path resource [application-dev.properties]' via location 'optional:classpath:/' [org.springframework.boot.env.OriginTrackedMapPropertySource] to EncryptableMapPropertySourceWrapper
2022-10-06 21:48:48.047  INFO 6614 --- [main] c.u.j.EncryptablePropertySourceConverter : Converting PropertySource Config resource 'class path resource [application.properties]' via location 'optional:classpath:/' [org.springframework.boot.env.OriginTrackedMapPropertySource] to EncryptableMapPropertySourceWrapper
2022-10-06 21:48:48.162  INFO 6614 --- [main] c.u.j.filter.DefaultLazyPropertyFilter   : Property Filter custom Bean not found with name 'encryptablePropertyFilter'. Initializing Default Property Filter
2022-10-06 21:48:48.167  INFO 6614 --- [main] c.u.j.r.DefaultLazyPropertyResolver      : Property Resolver custom Bean not found with name 'encryptablePropertyResolver'. Initializing Default Property Resolver
2022-10-06 21:48:48.167  INFO 6614 --- [main] c.u.j.d.DefaultLazyPropertyDetector      : Property Detector custom Bean not found with name 'encryptablePropertyDetector'. Initializing Default Property Detector
2022-10-06 21:48:48.259  INFO 6614 --- [main] o.s.b.w.embedded.tomcat.TomcatWebServer  : Tomcat initialized with port(s): 8080 (http)
2022-10-06 21:48:48.264  INFO 6614 --- [main] o.apache.catalina.core.StandardService   : Starting service [Tomcat]
2022-10-06 21:48:48.264  INFO 6614 --- [main] org.apache.catalina.core.StandardEngine  : Starting Servlet engine: [Apache Tomcat/9.0.64]
2022-10-06 21:48:48.312  INFO 6614 --- [main] o.a.c.c.C.[Tomcat].[localhost].[/]       : Initializing Spring embedded WebApplicationContext
2022-10-06 21:48:48.312  INFO 6614 --- [main] w.s.c.ServletWebServerApplicationContext : Root WebApplicationContext: initialization completed in 1481 ms
2022-10-06 21:48:48.359  INFO 6614 --- [main] c.u.j.encryptor.DefaultLazyEncryptor     : Found Custom Encryptor Bean org.jasypt.encryption.pbe.PooledPBEStringEncryptor@51049621 with name: jasyptStringEncryptor
2022-10-06 21:48:48.462  INFO 6614 --- [main] o.hibernate.jpa.internal.util.LogHelper  : HHH000204: Processing PersistenceUnitInfo [name: default]
2022-10-06 21:48:48.482  INFO 6614 --- [main] org.hibernate.Version                    : HHH000412: Hibernate ORM core version 5.6.9.Final
2022-10-06 21:48:48.545  INFO 6614 --- [main] o.hibernate.annotations.common.Version   : HCANN000001: Hibernate Commons Annotations {5.1.2.Final}
2022-10-06 21:48:48.582  INFO 6614 --- [main] com.zaxxer.hikari.HikariDataSource       : HikariPool-1 - Starting...
2022-10-06 21:48:48.642  INFO 6614 --- [main] com.zaxxer.hikari.HikariDataSource       : HikariPool-1 - Start completed.
2022-10-06 21:48:48.648  INFO 6614 --- [main] org.hibernate.dialect.Dialect            : HHH000400: Using dialect: org.hibernate.dialect.MySQL8Dialect
2022-10-06 21:48:48.959 DEBUG 6614 --- [main] org.hibernate.SQL                        : alter table node_location_set drop foreign key FKo0dv2m0okxlxpvd901cl78sp4
2022-10-06 21:48:48.979 DEBUG 6614 --- [main] org.hibernate.SQL                        : alter table note drop foreign key FKnxkgpm0rgln6j48qacpskmqyu
2022-10-06 21:48:48.989 DEBUG 6614 --- [main] org.hibernate.SQL                        : alter table note drop foreign key FK2qe7k3m32uic2qjx6ie7xyikx
2022-10-06 21:48:48.994 DEBUG 6614 --- [main] org.hibernate.SQL                        : alter table note_node drop foreign key FKj1dfw0hc2dqboknu25b9prjoa
2022-10-06 21:48:48.997 DEBUG 6614 --- [main] org.hibernate.SQL                        : alter table note_node_set drop foreign key FK9bcaba2xbswpv1as63qfm28sl
2022-10-06 21:48:49.001 DEBUG 6614 --- [main] org.hibernate.SQL                        : alter table record_node_table drop foreign key FKlcvab5pbqvm8kha8rjpwoyxas
2022-10-06 21:48:49.003 DEBUG 6614 --- [main] org.hibernate.SQL                        : alter table record_table drop foreign key FKgv4tu3ws0ybnn25vfxab45q88
2022-10-06 21:48:49.006 DEBUG 6614 --- [main] org.hibernate.SQL                        : alter table record_table drop foreign key FKdwnk8luk9cy27pyes6s2w7bdx
2022-10-06 21:48:49.011 DEBUG 6614 --- [main] org.hibernate.SQL                        : alter table routine_table drop foreign key FK10x9v295j64l70yn1smned6yf
2022-10-06 21:48:49.014 DEBUG 6614 --- [main] org.hibernate.SQL                        : alter table routine_table drop foreign key FKkbm8n8t3plnpudifm1ic2tsuw
2022-10-06 21:48:49.018 DEBUG 6614 --- [main] org.hibernate.SQL                        : alter table user_favorite drop foreign key FKc1kogijyoyatgcw7yha1i1ayo
2022-10-06 21:48:49.021 DEBUG 6614 --- [main] org.hibernate.SQL                        : alter table user_favorite drop foreign key FKga78qagquy7pvb4gdd44omslk
2022-10-06 21:48:49.023 DEBUG 6614 --- [main] org.hibernate.SQL                        : drop table if exists gym
2022-10-06 21:48:49.027 DEBUG 6614 --- [main] org.hibernate.SQL                        : drop table if exists machine
2022-10-06 21:48:49.029 DEBUG 6614 --- [main] org.hibernate.SQL                        : drop table if exists node_location_set
2022-10-06 21:48:49.031 DEBUG 6614 --- [main] org.hibernate.SQL                        : drop table if exists note
2022-10-06 21:48:49.036 DEBUG 6614 --- [main] org.hibernate.SQL                        : drop table if exists note_node
2022-10-06 21:48:49.039 DEBUG 6614 --- [main] org.hibernate.SQL                        : drop table if exists note_node_set
2022-10-06 21:48:49.041 DEBUG 6614 --- [main] org.hibernate.SQL                        : drop table if exists record_node_table
2022-10-06 21:48:49.043 DEBUG 6614 --- [main] org.hibernate.SQL                        : drop table if exists record_table
2022-10-06 21:48:49.045 DEBUG 6614 --- [main] org.hibernate.SQL                        : drop table if exists routine_table
2022-10-06 21:48:49.047 DEBUG 6614 --- [main] org.hibernate.SQL                        : drop table if exists user_basic
2022-10-06 21:48:49.049 DEBUG 6614 --- [main] org.hibernate.SQL                        : drop table if exists user_favorite
2022-10-06 21:48:49.053 DEBUG 6614 --- [main] org.hibernate.SQL                        : create table gym (gym_idx bigint not null auto_increment, created_at datetime(6), deleted bit not null, updated_at datetime(6), created_by varchar(255), modified_by varchar(255), dong varchar(255), gu varchar(255), latitude varchar(255), longitude varchar(255), name varchar(255), si varchar(255), primary key (gym_idx)) engine=InnoDB
2022-10-06 21:48:49.057 DEBUG 6614 --- [main] org.hibernate.SQL                        : create table machine (machine_idx bigint not null auto_increment, created_at datetime(6), deleted bit not null, updated_at datetime(6), created_by varchar(255), modified_by varchar(255), eng_machine_name varchar(255), image_url1 varchar(255), image_url2 varchar(255), kr_machine_name varchar(255), target_area varchar(255), video_url1 varchar(255), primary key (machine_idx)) engine=InnoDB
2022-10-06 21:48:49.060 DEBUG 6614 --- [main] org.hibernate.SQL                        : create table node_location_set (node_location_set_idx bigint not null auto_increment, created_at datetime(6), deleted bit not null, updated_at datetime(6), created_by varchar(255), modified_by varchar(255), node_type varchar(255), x_location float, y_location float, machine_idx bigint, primary key (node_location_set_idx)) engine=InnoDB
2022-10-06 21:48:49.063 DEBUG 6614 --- [main] org.hibernate.SQL                        : create table note (note_idx bigint not null auto_increment, created_at datetime(6), deleted bit not null, updated_at datetime(6), created_by varchar(255), modified_by varchar(255), machine_machine_idx bigint, user_basic_user_basic_idx bigint, primary key (note_idx)) engine=InnoDB
2022-10-06 21:48:49.067 DEBUG 6614 --- [main] org.hibernate.SQL                        : create table note_node (note_node_idx bigint not null auto_increment, created_at datetime(6), deleted bit not null, updated_at datetime(6), created_by varchar(255), modified_by varchar(255), color varchar(255), picture_url varchar(255), text varchar(255), type varchar(255), x_location float, y_location float, note_note_idx bigint, primary key (note_node_idx)) engine=InnoDB
2022-10-06 21:48:49.071 DEBUG 6614 --- [main] org.hibernate.SQL                        : create table note_node_set (note_node_set_idx bigint not null auto_increment, created_at datetime(6), deleted bit not null, updated_at datetime(6), created_by varchar(255), modified_by varchar(255), color varchar(255), picture_url varchar(255), text varchar(255), type varchar(255), x_location float, y_location float, machine_idx bigint, primary key (note_node_set_idx)) engine=InnoDB
2022-10-06 21:48:49.074 DEBUG 6614 --- [main] org.hibernate.SQL                        : create table record_node_table (record_node_idx bigint not null auto_increment, created_at datetime(6), deleted bit not null, updated_at datetime(6), created_by varchar(255), modified_by varchar(255), complete integer, note_id bigint, user_id varchar(255), machine_id bigint, primary key (record_node_idx)) engine=InnoDB
2022-10-06 21:48:49.077 DEBUG 6614 --- [main] org.hibernate.SQL                        : create table record_table (record_idx bigint not null auto_increment, created_at datetime(6), deleted bit not null, updated_at datetime(6), created_by varchar(255), modified_by varchar(255), complete bit not null, count integer, created_day date, kg integer, sett integer, machine_idx bigint, user_id varchar(255), primary key (record_idx)) engine=InnoDB
2022-10-06 21:48:49.081 DEBUG 6614 --- [main] org.hibernate.SQL                        : create table routine_table (routine_idx bigint not null auto_increment, created_at datetime(6), deleted bit not null, updated_at datetime(6), created_by varchar(255), modified_by varchar(255), routine_name varchar(255), machine_idx bigint, user_id varchar(255), primary key (routine_idx)) engine=InnoDB
2022-10-06 21:48:49.083 DEBUG 6614 --- [main] org.hibernate.SQL                        : create table user_basic (user_basic_idx bigint not null auto_increment, created_at datetime(6), deleted bit not null, updated_at datetime(6), created_by varchar(255), modified_by varchar(255), email varchar(255), last_login_at datetime(6), name varchar(255), oauth_id varchar(255), social_type varchar(255), user_id varchar(255), primary key (user_basic_idx)) engine=InnoDB
2022-10-06 21:48:49.086 DEBUG 6614 --- [main] org.hibernate.SQL                        : create table user_favorite (user_favorite_idx bigint not null auto_increment, created_at datetime(6), deleted bit not null, updated_at datetime(6), created_by varchar(255), modified_by varchar(255), machine_machine_idx bigint, user_basic_user_basic_idx bigint, primary key (user_favorite_idx)) engine=InnoDB
2022-10-06 21:48:49.089 DEBUG 6614 --- [main] org.hibernate.SQL                        : alter table user_basic add constraint UK_5tfs2rce6hvfin6b6np0dbudv unique (user_id)
2022-10-06 21:48:49.092 DEBUG 6614 --- [main] org.hibernate.SQL                        : alter table node_location_set add constraint FKo0dv2m0okxlxpvd901cl78sp4 foreign key (machine_idx) references machine (machine_idx)
2022-10-06 21:48:49.099 DEBUG 6614 --- [main] org.hibernate.SQL                        : alter table note add constraint FKnxkgpm0rgln6j48qacpskmqyu foreign key (machine_machine_idx) references machine (machine_idx)
2022-10-06 21:48:49.108 DEBUG 6614 --- [main] org.hibernate.SQL                        : alter table note add constraint FK2qe7k3m32uic2qjx6ie7xyikx foreign key (user_basic_user_basic_idx) references user_basic (user_basic_idx)
2022-10-06 21:48:49.151 DEBUG 6614 --- [main] org.hibernate.SQL                        : alter table note_node add constraint FKj1dfw0hc2dqboknu25b9prjoa foreign key (note_note_idx) references note (note_idx)
2022-10-06 21:48:49.160 DEBUG 6614 --- [main] org.hibernate.SQL                        : alter table note_node_set add constraint FK9bcaba2xbswpv1as63qfm28sl foreign key (machine_idx) references machine (machine_idx)
2022-10-06 21:48:49.167 DEBUG 6614 --- [main] org.hibernate.SQL                        : alter table record_node_table add constraint FKlcvab5pbqvm8kha8rjpwoyxas foreign key (machine_id) references machine (machine_idx)
2022-10-06 21:48:49.174 DEBUG 6614 --- [main] org.hibernate.SQL                        : alter table record_table add constraint FKgv4tu3ws0ybnn25vfxab45q88 foreign key (machine_idx) references machine (machine_idx)
2022-10-06 21:48:49.182 DEBUG 6614 --- [main] org.hibernate.SQL                        : alter table record_table add constraint FKdwnk8luk9cy27pyes6s2w7bdx foreign key (user_id) references user_basic (user_id)
2022-10-06 21:48:49.198 DEBUG 6614 --- [main] org.hibernate.SQL                        : alter table routine_table add constraint FK10x9v295j64l70yn1smned6yf foreign key (machine_idx) references machine (machine_idx)
2022-10-06 21:48:49.209 DEBUG 6614 --- [main] org.hibernate.SQL                        : alter table routine_table add constraint FKkbm8n8t3plnpudifm1ic2tsuw foreign key (user_id) references user_basic (user_id)
2022-10-06 21:48:49.218 DEBUG 6614 --- [main] org.hibernate.SQL                        : alter table user_favorite add constraint FKc1kogijyoyatgcw7yha1i1ayo foreign key (machine_machine_idx) references machine (machine_idx)
2022-10-06 21:48:49.228 DEBUG 6614 --- [main] org.hibernate.SQL                        : alter table user_favorite add constraint FKga78qagquy7pvb4gdd44omslk foreign key (user_basic_user_basic_idx) references user_basic (user_basic_idx)
2022-10-06 21:48:49.236  INFO 6614 --- [main] o.h.e.t.j.p.i.JtaPlatformInitiator       : HHH000490: Using JtaPlatform implementation: [org.hibernate.engine.transaction.jta.platform.internal.NoJtaPlatform]
2022-10-06 21:48:49.240  INFO 6614 --- [main] j.LocalContainerEntityManagerFactoryBean : Initialized JPA EntityManagerFactory for persistence unit 'default'
2022-10-06 21:48:49.739  WARN 6614 --- [main] JpaBaseConfiguration$JpaWebConfiguration : spring.jpa.open-in-view is enabled by default. Therefore, database queries may be performed during view rendering. Explicitly configure spring.jpa.open-in-view to disable this warning
2022-10-06 21:48:49.854  WARN 6614 --- [main] .s.s.UserDetailsServiceAutoConfiguration : 

Using generated security password: 48a2b2e1-88dc-4cf4-b515-0244fc15dd6c

This generated password is for development use only. Your security configuration must be updated before running your application in production.

2022-10-06 21:48:49.916  INFO 6614 --- [main] o.s.s.web.DefaultSecurityFilterChain     : Will secure any request with [org.springframework.security.web.session.DisableEncodeUrlFilter@58cf2091, org.springframework.security.web.context.request.async.WebAsyncManagerIntegrationFilter@28feec4f, org.springframework.security.web.context.SecurityContextPersistenceFilter@34bba7f7, org.springframework.security.web.header.HeaderWriterFilter@68deb8e1, org.springframework.web.filter.CorsFilter@5bcaebdb, org.springframework.security.web.authentication.logout.LogoutFilter@1f041bad, com.sportynote.server.security.JwtAuthenticationFilter@242c2da4, org.springframework.security.web.savedrequest.RequestCacheAwareFilter@6b620300, org.springframework.security.web.servletapi.SecurityContextHolderAwareRequestFilter@13c90cb9, org.springframework.security.web.authentication.AnonymousAuthenticationFilter@5464a18, org.springframework.security.web.session.SessionManagementFilter@1990d2bb, org.springframework.security.web.access.ExceptionTranslationFilter@11518582, org.springframework.security.web.access.intercept.FilterSecurityInterceptor@1d3433c7]
2022-10-06 21:48:49.933  INFO 6614 --- [main] pertySourcedRequestMappingHandlerMapping : Mapped URL path [/v2/api-docs] onto method [springfox.documentation.swagger2.web.Swagger2Controller#getDocumentation(String, HttpServletRequest)]
2022-10-06 21:48:50.093  INFO 6614 --- [main] o.s.b.a.w.s.WelcomePageHandlerMapping    : Adding welcome page: class path resource [static/index.html]
2022-10-06 21:48:50.246  INFO 6614 --- [main] o.s.b.w.embedded.tomcat.TomcatWebServer  : Tomcat started on port(s): 8080 (http) with context path ''
2022-10-06 21:48:50.246  INFO 6614 --- [main] u.j.c.RefreshScopeRefreshedEventListener : Refreshing cached encryptable property sources on ServletWebServerInitializedEvent
2022-10-06 21:48:50.247  INFO 6614 --- [main] CachingDelegateEncryptablePropertySource : Property Source systemProperties refreshed
2022-10-06 21:48:50.247  INFO 6614 --- [main] CachingDelegateEncryptablePropertySource : Property Source systemEnvironment refreshed
2022-10-06 21:48:50.247  INFO 6614 --- [main] CachingDelegateEncryptablePropertySource : Property Source random refreshed
2022-10-06 21:48:50.247  INFO 6614 --- [main] CachingDelegateEncryptablePropertySource : Property Source Config resource 'class path resource [application-oauth.properties]' via location 'optional:classpath:/' refreshed
2022-10-06 21:48:50.247  INFO 6614 --- [main] CachingDelegateEncryptablePropertySource : Property Source Config resource 'class path resource [application-dev.properties]' via location 'optional:classpath:/' refreshed
2022-10-06 21:48:50.247  INFO 6614 --- [main] CachingDelegateEncryptablePropertySource : Property Source Config resource 'class path resource [application.properties]' via location 'optional:classpath:/' refreshed
2022-10-06 21:48:50.247  INFO 6614 --- [main] c.u.j.EncryptablePropertySourceConverter : Converting PropertySource server.ports [org.springframework.core.env.MapPropertySource] to EncryptableMapPropertySourceWrapper
2022-10-06 21:48:50.247  INFO 6614 --- [main] c.u.j.EncryptablePropertySourceConverter : Skipping PropertySource configurationProperties [class org.springframework.boot.context.properties.source.ConfigurationPropertySourcesPropertySource
2022-10-06 21:48:50.247  INFO 6614 --- [main] c.u.j.EncryptablePropertySourceConverter : Skipping PropertySource servletConfigInitParams [class org.springframework.core.env.PropertySource$StubPropertySource
2022-10-06 21:48:50.247  INFO 6614 --- [main] c.u.j.EncryptablePropertySourceConverter : Converting PropertySource servletContextInitParams [org.springframework.web.context.support.ServletContextPropertySource] to EncryptableEnumerablePropertySourceWrapper
2022-10-06 21:48:50.247  INFO 6614 --- [main] d.s.w.p.DocumentationPluginsBootstrapper : Context refreshed
2022-10-06 21:48:50.252  INFO 6614 --- [main] d.s.w.p.DocumentationPluginsBootstrapper : Found 1 custom documentation plugin(s)
2022-10-06 21:48:50.269  INFO 6614 --- [main] s.d.s.w.s.ApiListingReferenceScanner     : Scanning for api listing references
2022-10-06 21:48:50.373  INFO 6614 --- [main] com.ServerApplication                    : Started ServerApplication in 3.786 seconds (JVM running for 4.064)
2022-10-06 21:48:56.344  INFO 6614 --- [http-nio-8080-exec-1] o.a.c.c.C.[Tomcat].[localhost].[/]       : Initializing Spring DispatcherServlet 'dispatcherServlet'
2022-10-06 21:48:56.345  INFO 6614 --- [http-nio-8080-exec-1] o.s.web.servlet.DispatcherServlet        : Initializing Servlet 'dispatcherServlet'
2022-10-06 21:48:56.346  INFO 6614 --- [http-nio-8080-exec-1] o.s.web.servlet.DispatcherServlet        : Completed initialization in 1 ms
2022-10-06 21:50:22.525  INFO 6614 --- [SpringApplicationShutdownHook] j.LocalContainerEntityManagerFactoryBean : Closing JPA EntityManagerFactory for persistence unit 'default'
2022-10-06 21:50:22.528  INFO 6614 --- [SpringApplicationShutdownHook] com.zaxxer.hikari.HikariDataSource       : HikariPool-1 - Shutdown initiated...
2022-10-06 21:50:22.536  INFO 6614 --- [SpringApplicationShutdownHook] com.zaxxer.hikari.HikariDataSource       : HikariPool-1 - Shutdown completed.
2022-10-06 22:08:10.682  INFO 6848 --- [main] com.ServerApplication                    : Starting ServerApplication using Java 11.0.14.1 on hwang-yeonghaui-MacBookPro.local with PID 6848 (/Users/hwang-yeongha/Desktop/Sporty-note/out/production/classes started by hwang-yeongha in /Users/hwang-yeongha/Desktop/Sporty-note)
2022-10-06 22:08:10.684  INFO 6848 --- [main] com.ServerApplication                    : The following 2 profiles are active: "dev", "oauth"
2022-10-06 22:08:11.433  INFO 6848 --- [main] .s.d.r.c.RepositoryConfigurationDelegate : Multiple Spring Data modules found, entering strict repository configuration mode
2022-10-06 22:08:11.433  INFO 6848 --- [main] .s.d.r.c.RepositoryConfigurationDelegate : Bootstrapping Spring Data JPA repositories in DEFAULT mode.
2022-10-06 22:08:11.709  INFO 6848 --- [main] .s.d.r.c.RepositoryConfigurationDelegate : Finished Spring Data repository scanning in 272 ms. Found 2 JPA repository interfaces.
2022-10-06 22:08:11.715  INFO 6848 --- [main] .s.d.r.c.RepositoryConfigurationDelegate : Multiple Spring Data modules found, entering strict repository configuration mode
2022-10-06 22:08:11.715  INFO 6848 --- [main] .s.d.r.c.RepositoryConfigurationDelegate : Bootstrapping Spring Data Redis repositories in DEFAULT mode.
2022-10-06 22:08:11.796  INFO 6848 --- [main] .RepositoryConfigurationExtensionSupport : Spring Data Redis - Could not safely identify store assignment for repository candidate interface com.sportynote.server.repository.repositoryImpl.RoutineRepositoryImpl; If you want this repository to be a Redis repository, consider annotating your entities with one of these annotations: org.springframework.data.redis.core.RedisHash (preferred), or consider extending one of the following types with your repository: org.springframework.data.keyvalue.repository.KeyValueRepository
2022-10-06 22:08:11.797  INFO 6848 --- [main] .RepositoryConfigurationExtensionSupport : Spring Data Redis - Could not safely identify store assignment for repository candidate interface com.sportynote.server.repository.repositoryImpl.UserBasicRepositoryImpl; If you want this repository to be a Redis repository, consider annotating your entities with one of these annotations: org.springframework.data.redis.core.RedisHash (preferred), or consider extending one of the following types with your repository: org.springframework.data.keyvalue.repository.KeyValueRepository
2022-10-06 22:08:11.797  INFO 6848 --- [main] .s.d.r.c.RepositoryConfigurationDelegate : Finished Spring Data repository scanning in 78 ms. Found 0 Redis repository interfaces.
2022-10-06 22:08:11.923  INFO 6848 --- [main] ptablePropertiesBeanFactoryPostProcessor : Post-processing PropertySource instances
2022-10-06 22:08:11.924  INFO 6848 --- [main] c.u.j.EncryptablePropertySourceConverter : Skipping PropertySource configurationProperties [class org.springframework.boot.context.properties.source.ConfigurationPropertySourcesPropertySource
2022-10-06 22:08:11.935  INFO 6848 --- [main] c.u.j.EncryptablePropertySourceConverter : Skipping PropertySource servletConfigInitParams [class org.springframework.core.env.PropertySource$StubPropertySource
2022-10-06 22:08:11.935  INFO 6848 --- [main] c.u.j.EncryptablePropertySourceConverter : Skipping PropertySource servletContextInitParams [class org.springframework.core.env.PropertySource$StubPropertySource
2022-10-06 22:08:11.936  INFO 6848 --- [main] c.u.j.EncryptablePropertySourceConverter : Converting PropertySource systemProperties [org.springframework.core.env.PropertiesPropertySource] to EncryptableMapPropertySourceWrapper
2022-10-06 22:08:11.936  INFO 6848 --- [main] c.u.j.EncryptablePropertySourceConverter : Converting PropertySource systemEnvironment [org.springframework.boot.env.SystemEnvironmentPropertySourceEnvironmentPostProcessor$OriginAwareSystemEnvironmentPropertySource] to EncryptableSystemEnvironmentPropertySourceWrapper
2022-10-06 22:08:11.936  INFO 6848 --- [main] c.u.j.EncryptablePropertySourceConverter : Converting PropertySource random [org.springframework.boot.env.RandomValuePropertySource] to EncryptablePropertySourceWrapper
2022-10-06 22:08:11.936  INFO 6848 --- [main] c.u.j.EncryptablePropertySourceConverter : Converting PropertySource Config resource 'class path resource [application-oauth.properties]' via location 'optional:classpath:/' [org.springframework.boot.env.OriginTrackedMapPropertySource] to EncryptableMapPropertySourceWrapper
2022-10-06 22:08:11.936  INFO 6848 --- [main] c.u.j.EncryptablePropertySourceConverter : Converting PropertySource Config resource 'class path resource [application-dev.properties]' via location 'optional:classpath:/' [org.springframework.boot.env.OriginTrackedMapPropertySource] to EncryptableMapPropertySourceWrapper
2022-10-06 22:08:11.936  INFO 6848 --- [main] c.u.j.EncryptablePropertySourceConverter : Converting PropertySource Config resource 'class path resource [application.properties]' via location 'optional:classpath:/' [org.springframework.boot.env.OriginTrackedMapPropertySource] to EncryptableMapPropertySourceWrapper
2022-10-06 22:08:12.048  INFO 6848 --- [main] c.u.j.filter.DefaultLazyPropertyFilter   : Property Filter custom Bean not found with name 'encryptablePropertyFilter'. Initializing Default Property Filter
2022-10-06 22:08:12.052  INFO 6848 --- [main] c.u.j.r.DefaultLazyPropertyResolver      : Property Resolver custom Bean not found with name 'encryptablePropertyResolver'. Initializing Default Property Resolver
2022-10-06 22:08:12.053  INFO 6848 --- [main] c.u.j.d.DefaultLazyPropertyDetector      : Property Detector custom Bean not found with name 'encryptablePropertyDetector'. Initializing Default Property Detector
2022-10-06 22:08:12.126  INFO 6848 --- [main] o.s.b.w.embedded.tomcat.TomcatWebServer  : Tomcat initialized with port(s): 8080 (http)
2022-10-06 22:08:12.131  INFO 6848 --- [main] o.apache.catalina.core.StandardService   : Starting service [Tomcat]
2022-10-06 22:08:12.132  INFO 6848 --- [main] org.apache.catalina.core.StandardEngine  : Starting Servlet engine: [Apache Tomcat/9.0.64]
2022-10-06 22:08:12.175  INFO 6848 --- [main] o.a.c.c.C.[Tomcat].[localhost].[/]       : Initializing Spring embedded WebApplicationContext
2022-10-06 22:08:12.175  INFO 6848 --- [main] w.s.c.ServletWebServerApplicationContext : Root WebApplicationContext: initialization completed in 1469 ms
2022-10-06 22:08:12.222  INFO 6848 --- [main] c.u.j.encryptor.DefaultLazyEncryptor     : Found Custom Encryptor Bean org.jasypt.encryption.pbe.PooledPBEStringEncryptor@51049621 with name: jasyptStringEncryptor
2022-10-06 22:08:12.324  INFO 6848 --- [main] o.hibernate.jpa.internal.util.LogHelper  : HHH000204: Processing PersistenceUnitInfo [name: default]
2022-10-06 22:08:12.363  INFO 6848 --- [main] org.hibernate.Version                    : HHH000412: Hibernate ORM core version 5.6.9.Final
2022-10-06 22:08:12.439  INFO 6848 --- [main] o.hibernate.annotations.common.Version   : HCANN000001: Hibernate Commons Annotations {5.1.2.Final}
2022-10-06 22:08:12.477  INFO 6848 --- [main] com.zaxxer.hikari.HikariDataSource       : HikariPool-1 - Starting...
2022-10-06 22:08:12.543  INFO 6848 --- [main] com.zaxxer.hikari.HikariDataSource       : HikariPool-1 - Start completed.
2022-10-06 22:08:12.550  INFO 6848 --- [main] org.hibernate.dialect.Dialect            : HHH000400: Using dialect: org.hibernate.dialect.MySQL8Dialect
2022-10-06 22:08:12.896 DEBUG 6848 --- [main] org.hibernate.SQL                        : alter table node_location_set drop foreign key FKo0dv2m0okxlxpvd901cl78sp4
2022-10-06 22:08:12.923 DEBUG 6848 --- [main] org.hibernate.SQL                        : alter table note drop foreign key FKnxkgpm0rgln6j48qacpskmqyu
2022-10-06 22:08:12.934 DEBUG 6848 --- [main] org.hibernate.SQL                        : alter table note drop foreign key FK2qe7k3m32uic2qjx6ie7xyikx
2022-10-06 22:08:12.939 DEBUG 6848 --- [main] org.hibernate.SQL                        : alter table note_node drop foreign key FKj1dfw0hc2dqboknu25b9prjoa
2022-10-06 22:08:12.941 DEBUG 6848 --- [main] org.hibernate.SQL                        : alter table note_node_set drop foreign key FK9bcaba2xbswpv1as63qfm28sl
2022-10-06 22:08:12.946 DEBUG 6848 --- [main] org.hibernate.SQL                        : alter table record_node_table drop foreign key FKlcvab5pbqvm8kha8rjpwoyxas
2022-10-06 22:08:12.951 DEBUG 6848 --- [main] org.hibernate.SQL                        : alter table record_table drop foreign key FKgv4tu3ws0ybnn25vfxab45q88
2022-10-06 22:08:12.954 DEBUG 6848 --- [main] org.hibernate.SQL                        : alter table record_table drop foreign key FKdwnk8luk9cy27pyes6s2w7bdx
2022-10-06 22:08:12.958 DEBUG 6848 --- [main] org.hibernate.SQL                        : alter table routine_table drop foreign key FK10x9v295j64l70yn1smned6yf
2022-10-06 22:08:12.962 DEBUG 6848 --- [main] org.hibernate.SQL                        : alter table routine_table drop foreign key FKkbm8n8t3plnpudifm1ic2tsuw
2022-10-06 22:08:12.965 DEBUG 6848 --- [main] org.hibernate.SQL                        : alter table user_favorite drop foreign key FKc1kogijyoyatgcw7yha1i1ayo
2022-10-06 22:08:12.968 DEBUG 6848 --- [main] org.hibernate.SQL                        : alter table user_favorite drop foreign key FKga78qagquy7pvb4gdd44omslk
2022-10-06 22:08:12.972 DEBUG 6848 --- [main] org.hibernate.SQL                        : drop table if exists gym
2022-10-06 22:08:12.976 DEBUG 6848 --- [main] org.hibernate.SQL                        : drop table if exists machine
2022-10-06 22:08:12.978 DEBUG 6848 --- [main] org.hibernate.SQL                        : drop table if exists node_location_set
2022-10-06 22:08:12.981 DEBUG 6848 --- [main] org.hibernate.SQL                        : drop table if exists note
2022-10-06 22:08:12.983 DEBUG 6848 --- [main] org.hibernate.SQL                        : drop table if exists note_node
2022-10-06 22:08:12.985 DEBUG 6848 --- [main] org.hibernate.SQL                        : drop table if exists note_node_set
2022-10-06 22:08:12.987 DEBUG 6848 --- [main] org.hibernate.SQL                        : drop table if exists record_node_table
2022-10-06 22:08:12.988 DEBUG 6848 --- [main] org.hibernate.SQL                        : drop table if exists record_table
2022-10-06 22:08:12.990 DEBUG 6848 --- [main] org.hibernate.SQL                        : drop table if exists routine_table
2022-10-06 22:08:12.993 DEBUG 6848 --- [main] org.hibernate.SQL                        : drop table if exists user_basic
2022-10-06 22:08:12.996 DEBUG 6848 --- [main] org.hibernate.SQL                        : drop table if exists user_favorite
2022-10-06 22:08:13.000 DEBUG 6848 --- [main] org.hibernate.SQL                        : create table gym (gym_idx bigint not null auto_increment, created_at datetime(6), deleted bit not null, updated_at datetime(6), created_by varchar(255), modified_by varchar(255), dong varchar(255), gu varchar(255), latitude varchar(255), longitude varchar(255), name varchar(255), si varchar(255), primary key (gym_idx)) engine=InnoDB
2022-10-06 22:08:13.004 DEBUG 6848 --- [main] org.hibernate.SQL                        : create table machine (machine_idx bigint not null auto_increment, created_at datetime(6), deleted bit not null, updated_at datetime(6), created_by varchar(255), modified_by varchar(255), eng_machine_name varchar(255), image_url1 varchar(255), image_url2 varchar(255), kr_machine_name varchar(255), target_area varchar(255), video_url1 varchar(255), primary key (machine_idx)) engine=InnoDB
2022-10-06 22:08:13.007 DEBUG 6848 --- [main] org.hibernate.SQL                        : create table node_location_set (node_location_set_idx bigint not null auto_increment, created_at datetime(6), deleted bit not null, updated_at datetime(6), created_by varchar(255), modified_by varchar(255), node_type varchar(255), x_location float, y_location float, machine_idx bigint, primary key (node_location_set_idx)) engine=InnoDB
2022-10-06 22:08:13.010 DEBUG 6848 --- [main] org.hibernate.SQL                        : create table note (note_idx bigint not null auto_increment, created_at datetime(6), deleted bit not null, updated_at datetime(6), created_by varchar(255), modified_by varchar(255), machine_machine_idx bigint, user_basic_user_basic_idx bigint, primary key (note_idx)) engine=InnoDB
2022-10-06 22:08:13.016 DEBUG 6848 --- [main] org.hibernate.SQL                        : create table note_node (note_node_idx bigint not null auto_increment, created_at datetime(6), deleted bit not null, updated_at datetime(6), created_by varchar(255), modified_by varchar(255), color varchar(255), picture_url varchar(255), text varchar(255), type varchar(255), x_location float, y_location float, note_note_idx bigint, primary key (note_node_idx)) engine=InnoDB
2022-10-06 22:08:13.021 DEBUG 6848 --- [main] org.hibernate.SQL                        : create table note_node_set (note_node_set_idx bigint not null auto_increment, created_at datetime(6), deleted bit not null, updated_at datetime(6), created_by varchar(255), modified_by varchar(255), color varchar(255), picture_url varchar(255), text varchar(255), type varchar(255), x_location float, y_location float, machine_idx bigint, primary key (note_node_set_idx)) engine=InnoDB
2022-10-06 22:08:13.030 DEBUG 6848 --- [main] org.hibernate.SQL                        : create table record_node_table (record_node_idx bigint not null auto_increment, created_at datetime(6), deleted bit not null, updated_at datetime(6), created_by varchar(255), modified_by varchar(255), complete integer, note_id bigint, user_id varchar(255), machine_id bigint, primary key (record_node_idx)) engine=InnoDB
2022-10-06 22:08:13.047 DEBUG 6848 --- [main] org.hibernate.SQL                        : create table record_table (record_idx bigint not null auto_increment, created_at datetime(6), deleted bit not null, updated_at datetime(6), created_by varchar(255), modified_by varchar(255), complete bit not null, count integer, created_day date, kg integer, sett integer, machine_idx bigint, user_id varchar(255), primary key (record_idx)) engine=InnoDB
2022-10-06 22:08:13.054 DEBUG 6848 --- [main] org.hibernate.SQL                        : create table routine_table (routine_idx bigint not null auto_increment, created_at datetime(6), deleted bit not null, updated_at datetime(6), created_by varchar(255), modified_by varchar(255), routine_name varchar(255), machine_idx bigint, user_id varchar(255), primary key (routine_idx)) engine=InnoDB
2022-10-06 22:08:13.063 DEBUG 6848 --- [main] org.hibernate.SQL                        : create table user_basic (user_basic_idx bigint not null auto_increment, created_at datetime(6), deleted bit not null, updated_at datetime(6), created_by varchar(255), modified_by varchar(255), email varchar(255), last_login_at datetime(6), name varchar(255), oauth_id varchar(255), social_type varchar(255), user_id varchar(255), primary key (user_basic_idx)) engine=InnoDB
2022-10-06 22:08:13.066 DEBUG 6848 --- [main] org.hibernate.SQL                        : create table user_favorite (user_favorite_idx bigint not null auto_increment, created_at datetime(6), deleted bit not null, updated_at datetime(6), created_by varchar(255), modified_by varchar(255), machine_machine_idx bigint, user_basic_user_basic_idx bigint, primary key (user_favorite_idx)) engine=InnoDB
2022-10-06 22:08:13.068 DEBUG 6848 --- [main] org.hibernate.SQL                        : alter table user_basic add constraint UK_5tfs2rce6hvfin6b6np0dbudv unique (user_id)
2022-10-06 22:08:13.071 DEBUG 6848 --- [main] org.hibernate.SQL                        : alter table node_location_set add constraint FKo0dv2m0okxlxpvd901cl78sp4 foreign key (machine_idx) references machine (machine_idx)
2022-10-06 22:08:13.078 DEBUG 6848 --- [main] org.hibernate.SQL                        : alter table note add constraint FKnxkgpm0rgln6j48qacpskmqyu foreign key (machine_machine_idx) references machine (machine_idx)
2022-10-06 22:08:13.086 DEBUG 6848 --- [main] org.hibernate.SQL                        : alter table note add constraint FK2qe7k3m32uic2qjx6ie7xyikx foreign key (user_basic_user_basic_idx) references user_basic (user_basic_idx)
2022-10-06 22:08:13.093 DEBUG 6848 --- [main] org.hibernate.SQL                        : alter table note_node add constraint FKj1dfw0hc2dqboknu25b9prjoa foreign key (note_note_idx) references note (note_idx)
2022-10-06 22:08:13.107 DEBUG 6848 --- [main] org.hibernate.SQL                        : alter table note_node_set add constraint FK9bcaba2xbswpv1as63qfm28sl foreign key (machine_idx) references machine (machine_idx)
2022-10-06 22:08:13.115 DEBUG 6848 --- [main] org.hibernate.SQL                        : alter table record_node_table add constraint FKlcvab5pbqvm8kha8rjpwoyxas foreign key (machine_id) references machine (machine_idx)
2022-10-06 22:08:13.122 DEBUG 6848 --- [main] org.hibernate.SQL                        : alter table record_table add constraint FKgv4tu3ws0ybnn25vfxab45q88 foreign key (machine_idx) references machine (machine_idx)
2022-10-06 22:08:13.131 DEBUG 6848 --- [main] org.hibernate.SQL                        : alter table record_table add constraint FKdwnk8luk9cy27pyes6s2w7bdx foreign key (user_id) references user_basic (user_id)
2022-10-06 22:08:13.141 DEBUG 6848 --- [main] org.hibernate.SQL                        : alter table routine_table add constraint FK10x9v295j64l70yn1smned6yf foreign key (machine_idx) references machine (machine_idx)
2022-10-06 22:08:13.150 DEBUG 6848 --- [main] org.hibernate.SQL                        : alter table routine_table add constraint FKkbm8n8t3plnpudifm1ic2tsuw foreign key (user_id) references user_basic (user_id)
2022-10-06 22:08:13.157 DEBUG 6848 --- [main] org.hibernate.SQL                        : alter table user_favorite add constraint FKc1kogijyoyatgcw7yha1i1ayo foreign key (machine_machine_idx) references machine (machine_idx)
2022-10-06 22:08:13.164 DEBUG 6848 --- [main] org.hibernate.SQL                        : alter table user_favorite add constraint FKga78qagquy7pvb4gdd44omslk foreign key (user_basic_user_basic_idx) references user_basic (user_basic_idx)
2022-10-06 22:08:13.174  INFO 6848 --- [main] o.h.e.t.j.p.i.JtaPlatformInitiator       : HHH000490: Using JtaPlatform implementation: [org.hibernate.engine.transaction.jta.platform.internal.NoJtaPlatform]
2022-10-06 22:08:13.178  INFO 6848 --- [main] j.LocalContainerEntityManagerFactoryBean : Initialized JPA EntityManagerFactory for persistence unit 'default'
2022-10-06 22:08:13.679  WARN 6848 --- [main] JpaBaseConfiguration$JpaWebConfiguration : spring.jpa.open-in-view is enabled by default. Therefore, database queries may be performed during view rendering. Explicitly configure spring.jpa.open-in-view to disable this warning
2022-10-06 22:08:13.781  WARN 6848 --- [main] .s.s.UserDetailsServiceAutoConfiguration : 

Using generated security password: c0aa609f-e140-4e79-9963-854b352cc217

This generated password is for development use only. Your security configuration must be updated before running your application in production.

2022-10-06 22:08:13.850  INFO 6848 --- [main] o.s.s.web.DefaultSecurityFilterChain     : Will secure any request with [org.springframework.security.web.session.DisableEncodeUrlFilter@7ba5e21c, org.springframework.security.web.context.request.async.WebAsyncManagerIntegrationFilter@2e3622a6, org.springframework.security.web.context.SecurityContextPersistenceFilter@53416190, org.springframework.security.web.header.HeaderWriterFilter@7553d28b, org.springframework.web.filter.CorsFilter@53923ca0, org.springframework.security.web.authentication.logout.LogoutFilter@6b620300, com.sportynote.server.security.JwtAuthenticationFilter@43addda0, org.springframework.security.web.savedrequest.RequestCacheAwareFilter@5d8d7b25, org.springframework.security.web.servletapi.SecurityContextHolderAwareRequestFilter@420da96b, org.springframework.security.web.authentication.AnonymousAuthenticationFilter@17cc72cb, org.springframework.security.web.session.SessionManagementFilter@675fe8de, org.springframework.security.web.access.ExceptionTranslationFilter@3e010e07, org.springframework.security.web.access.intercept.FilterSecurityInterceptor@5bc26351]
2022-10-06 22:08:13.870  INFO 6848 --- [main] pertySourcedRequestMappingHandlerMapping : Mapped URL path [/v2/api-docs] onto method [springfox.documentation.swagger2.web.Swagger2Controller#getDocumentation(String, HttpServletRequest)]
2022-10-06 22:08:14.027  INFO 6848 --- [main] o.s.b.a.w.s.WelcomePageHandlerMapping    : Adding welcome page: class path resource [static/index.html]
2022-10-06 22:08:14.179  INFO 6848 --- [main] o.s.b.w.embedded.tomcat.TomcatWebServer  : Tomcat started on port(s): 8080 (http) with context path ''
2022-10-06 22:08:14.180  INFO 6848 --- [main] u.j.c.RefreshScopeRefreshedEventListener : Refreshing cached encryptable property sources on ServletWebServerInitializedEvent
2022-10-06 22:08:14.180  INFO 6848 --- [main] CachingDelegateEncryptablePropertySource : Property Source systemProperties refreshed
2022-10-06 22:08:14.180  INFO 6848 --- [main] CachingDelegateEncryptablePropertySource : Property Source systemEnvironment refreshed
2022-10-06 22:08:14.180  INFO 6848 --- [main] CachingDelegateEncryptablePropertySource : Property Source random refreshed
2022-10-06 22:08:14.180  INFO 6848 --- [main] CachingDelegateEncryptablePropertySource : Property Source Config resource 'class path resource [application-oauth.properties]' via location 'optional:classpath:/' refreshed
2022-10-06 22:08:14.180  INFO 6848 --- [main] CachingDelegateEncryptablePropertySource : Property Source Config resource 'class path resource [application-dev.properties]' via location 'optional:classpath:/' refreshed
2022-10-06 22:08:14.180  INFO 6848 --- [main] CachingDelegateEncryptablePropertySource : Property Source Config resource 'class path resource [application.properties]' via location 'optional:classpath:/' refreshed
2022-10-06 22:08:14.180  INFO 6848 --- [main] c.u.j.EncryptablePropertySourceConverter : Converting PropertySource server.ports [org.springframework.core.env.MapPropertySource] to EncryptableMapPropertySourceWrapper
2022-10-06 22:08:14.180  INFO 6848 --- [main] c.u.j.EncryptablePropertySourceConverter : Skipping PropertySource configurationProperties [class org.springframework.boot.context.properties.source.ConfigurationPropertySourcesPropertySource
2022-10-06 22:08:14.180  INFO 6848 --- [main] c.u.j.EncryptablePropertySourceConverter : Skipping PropertySource servletConfigInitParams [class org.springframework.core.env.PropertySource$StubPropertySource
2022-10-06 22:08:14.180  INFO 6848 --- [main] c.u.j.EncryptablePropertySourceConverter : Converting PropertySource servletContextInitParams [org.springframework.web.context.support.ServletContextPropertySource] to EncryptableEnumerablePropertySourceWrapper
2022-10-06 22:08:14.180  INFO 6848 --- [main] d.s.w.p.DocumentationPluginsBootstrapper : Context refreshed
2022-10-06 22:08:14.186  INFO 6848 --- [main] d.s.w.p.DocumentationPluginsBootstrapper : Found 1 custom documentation plugin(s)
2022-10-06 22:08:14.211  INFO 6848 --- [main] s.d.s.w.s.ApiListingReferenceScanner     : Scanning for api listing references
2022-10-06 22:08:14.306  INFO 6848 --- [main] com.ServerApplication                    : Started ServerApplication in 3.873 seconds (JVM running for 4.158)
2022-10-06 22:08:21.955  INFO 6848 --- [SpringApplicationShutdownHook] j.LocalContainerEntityManagerFactoryBean : Closing JPA EntityManagerFactory for persistence unit 'default'
2022-10-06 22:08:21.959  INFO 6848 --- [SpringApplicationShutdownHook] com.zaxxer.hikari.HikariDataSource       : HikariPool-1 - Shutdown initiated...
2022-10-06 22:08:21.966  INFO 6848 --- [SpringApplicationShutdownHook] com.zaxxer.hikari.HikariDataSource       : HikariPool-1 - Shutdown completed.
